   0  $accept : file $end

   1  file : declarations

   2  declarations : declarations declaration
   3               | declaration

   4  declaration : variable ';'
   5              | function

   6  variable : tPUBLIC tipo tIDENTIFIER '=' expr
   7           | tPUBLIC tipo tIDENTIFIER
   8           | tipo tIDENTIFIER '=' expr
   9           | tipo tIDENTIFIER
  10           | tUSE tipo tIDENTIFIER '=' expr
  11           | tUSE tipo tIDENTIFIER

  12  function : tipo tIDENTIFIER '(' args ')'
  13           | tPROCEDURE tIDENTIFIER '(' args ')'
  14           | tPUBLIC tipo tIDENTIFIER '(' args ')'
  15           | tPUBLIC tPROCEDURE tIDENTIFIER '(' args ')'
  16           | tUSE tipo tIDENTIFIER '(' args ')'
  17           | tUSE tPROCEDURE tIDENTIFIER '(' args ')'
  18           | tipo tIDENTIFIER '(' args ')' '=' literal
  19           | tipo tIDENTIFIER '(' args ')' '=' literal body
  20           | tPROCEDURE tIDENTIFIER '(' args ')' body
  21           | tPUBLIC tipo tIDENTIFIER '(' args ')' '=' literal body
  22           | tPUBLIC tPROCEDURE tIDENTIFIER '(' args ')' body
  23           | tipo tIDENTIFIER '(' args ')' body
  24           | tPUBLIC tipo tIDENTIFIER '(' args ')' body

  25  tipo : tINT_TYPE
  26       | '[' tipo ']'
  27       | tSTRING_TYPE
  28       | tDOUBLE_TYPE

  29  literal : string
  30          | tDOUBLE
  31          | tINTEGER
  32          | tNULL

  33  string : tSTRING
  34         | string tSTRING

  35  body : bloco

  36  bloco : '{' declarationsBlock '}'
  37        | '{' instrucoes '}'
  38        | '{' declarationsBlock instrucoes '}'
  39        | '{' '}'

  40  declarationsBlock : variableBlock
  41                    | declarationsBlock variableBlock

  42  variableBlock : tipo tIDENTIFIER '=' expr ';'
  43                | tipo tIDENTIFIER ';'

  44  instrucao : expr ';'
  45            | expr '!'
  46            | expr tPRINTLN
  47            | bloco
  48            | iteration
  49            | cond
  50            | tSTOP
  51            | tNEXT
  52            | tRETURN

  53  instrucoes : instrucao
  54             | instrucoes instrucao

  55  cond : tIF '(' expr ')' instrucao
  56       | tIF '(' expr ')' instrucao tELSE instrucao
  57       | tIF '(' expr ')' instrucao condCont

  58  condCont : tELSEIF '(' expr ')' instrucao
  59           | tELSEIF '(' expr ')' instrucao tELSE instrucao
  60           | tELSEIF '(' expr ')' instrucao condCont

  61  expr : literal
  62       | '-' expr
  63       | '+' expr
  64       | expr '+' expr
  65       | expr '-' expr
  66       | expr '*' expr
  67       | expr '/' expr
  68       | expr '%' expr
  69       | expr '<' expr
  70       | expr '>' expr
  71       | expr tGE expr
  72       | '@'
  73       | expr tLE expr
  74       | expr tNE expr
  75       | expr tEQ expr
  76       | expr '&' expr
  77       | expr '|' expr
  78       | '~' expr
  79       | lval
  80       | funcall
  81       | '(' expr ')'
  82       | lval '?'
  83       | '[' expr ']'
  84       | lval '=' expr

  85  iteration : tWHILE '(' expr ')' instrucao
  86            | tSWEEP '+' '(' lval ':' expr ':' expr ':' expr ')' instrucao
  87            | tSWEEP '+' '(' lval ':' expr ':' expr ')' instrucao
  88            | tSWEEP '-' '(' lval ':' expr ':' expr ':' expr ')' instrucao
  89            | tSWEEP '-' '(' lval ':' expr ':' expr ')' instrucao

  90  args : arg_func
  91       |

  92  arg_func : arg_func ',' arg
  93           | arg

  94  arg : tipo tIDENTIFIER

  95  funcall : tIDENTIFIER '(' expressoesMais ')'

  96  expressoesMais : expressoes
  97                 |

  98  expressoes : expressoes ',' expr
  99             | expr

 100  lval : tIDENTIFIER
 101       | expr '[' expr ']'

state 0
	$accept : . file $end  (0)

	tPUBLIC  shift 1
	tUSE  shift 2
	tPROCEDURE  shift 3
	tSTRING_TYPE  shift 4
	tINT_TYPE  shift 5
	tDOUBLE_TYPE  shift 6
	'['  shift 7
	.  error

	file  goto 8
	function  goto 9
	variable  goto 10
	declaration  goto 11
	declarations  goto 12
	tipo  goto 13


state 1
	variable : tPUBLIC . tipo tIDENTIFIER '=' expr  (6)
	variable : tPUBLIC . tipo tIDENTIFIER  (7)
	function : tPUBLIC . tipo tIDENTIFIER '(' args ')'  (14)
	function : tPUBLIC . tPROCEDURE tIDENTIFIER '(' args ')'  (15)
	function : tPUBLIC . tipo tIDENTIFIER '(' args ')' '=' literal body  (21)
	function : tPUBLIC . tPROCEDURE tIDENTIFIER '(' args ')' body  (22)
	function : tPUBLIC . tipo tIDENTIFIER '(' args ')' body  (24)

	tPROCEDURE  shift 14
	tSTRING_TYPE  shift 4
	tINT_TYPE  shift 5
	tDOUBLE_TYPE  shift 6
	'['  shift 7
	.  error

	tipo  goto 15


state 2
	variable : tUSE . tipo tIDENTIFIER '=' expr  (10)
	variable : tUSE . tipo tIDENTIFIER  (11)
	function : tUSE . tipo tIDENTIFIER '(' args ')'  (16)
	function : tUSE . tPROCEDURE tIDENTIFIER '(' args ')'  (17)

	tPROCEDURE  shift 16
	tSTRING_TYPE  shift 4
	tINT_TYPE  shift 5
	tDOUBLE_TYPE  shift 6
	'['  shift 7
	.  error

	tipo  goto 17


state 3
	function : tPROCEDURE . tIDENTIFIER '(' args ')'  (13)
	function : tPROCEDURE . tIDENTIFIER '(' args ')' body  (20)

	tIDENTIFIER  shift 18
	.  error


state 4
	tipo : tSTRING_TYPE .  (27)

	.  reduce 27


state 5
	tipo : tINT_TYPE .  (25)

	.  reduce 25


state 6
	tipo : tDOUBLE_TYPE .  (28)

	.  reduce 28


state 7
	tipo : '[' . tipo ']'  (26)

	tSTRING_TYPE  shift 4
	tINT_TYPE  shift 5
	tDOUBLE_TYPE  shift 6
	'['  shift 7
	.  error

	tipo  goto 19


state 8
	$accept : file . $end  (0)

	$end  accept


state 9
	declaration : function .  (5)

	.  reduce 5


state 10
	declaration : variable . ';'  (4)

	';'  shift 20
	.  error


state 11
	declarations : declaration .  (3)

	.  reduce 3


state 12
	file : declarations .  (1)
	declarations : declarations . declaration  (2)

	tPUBLIC  shift 1
	tUSE  shift 2
	tPROCEDURE  shift 3
	tSTRING_TYPE  shift 4
	tINT_TYPE  shift 5
	tDOUBLE_TYPE  shift 6
	'['  shift 7
	$end  reduce 1

	function  goto 9
	variable  goto 10
	declaration  goto 21
	tipo  goto 13


state 13
	variable : tipo . tIDENTIFIER '=' expr  (8)
	variable : tipo . tIDENTIFIER  (9)
	function : tipo . tIDENTIFIER '(' args ')'  (12)
	function : tipo . tIDENTIFIER '(' args ')' '=' literal  (18)
	function : tipo . tIDENTIFIER '(' args ')' '=' literal body  (19)
	function : tipo . tIDENTIFIER '(' args ')' body  (23)

	tIDENTIFIER  shift 22
	.  error


state 14
	function : tPUBLIC tPROCEDURE . tIDENTIFIER '(' args ')'  (15)
	function : tPUBLIC tPROCEDURE . tIDENTIFIER '(' args ')' body  (22)

	tIDENTIFIER  shift 23
	.  error


state 15
	variable : tPUBLIC tipo . tIDENTIFIER '=' expr  (6)
	variable : tPUBLIC tipo . tIDENTIFIER  (7)
	function : tPUBLIC tipo . tIDENTIFIER '(' args ')'  (14)
	function : tPUBLIC tipo . tIDENTIFIER '(' args ')' '=' literal body  (21)
	function : tPUBLIC tipo . tIDENTIFIER '(' args ')' body  (24)

	tIDENTIFIER  shift 24
	.  error


state 16
	function : tUSE tPROCEDURE . tIDENTIFIER '(' args ')'  (17)

	tIDENTIFIER  shift 25
	.  error


state 17
	variable : tUSE tipo . tIDENTIFIER '=' expr  (10)
	variable : tUSE tipo . tIDENTIFIER  (11)
	function : tUSE tipo . tIDENTIFIER '(' args ')'  (16)

	tIDENTIFIER  shift 26
	.  error


state 18
	function : tPROCEDURE tIDENTIFIER . '(' args ')'  (13)
	function : tPROCEDURE tIDENTIFIER . '(' args ')' body  (20)

	'('  shift 27
	.  error


state 19
	tipo : '[' tipo . ']'  (26)

	']'  shift 28
	.  error


state 20
	declaration : variable ';' .  (4)

	.  reduce 4


state 21
	declarations : declarations declaration .  (2)

	.  reduce 2


state 22
	variable : tipo tIDENTIFIER . '=' expr  (8)
	variable : tipo tIDENTIFIER .  (9)
	function : tipo tIDENTIFIER . '(' args ')'  (12)
	function : tipo tIDENTIFIER . '(' args ')' '=' literal  (18)
	function : tipo tIDENTIFIER . '(' args ')' '=' literal body  (19)
	function : tipo tIDENTIFIER . '(' args ')' body  (23)

	'='  shift 29
	'('  shift 30
	';'  reduce 9


state 23
	function : tPUBLIC tPROCEDURE tIDENTIFIER . '(' args ')'  (15)
	function : tPUBLIC tPROCEDURE tIDENTIFIER . '(' args ')' body  (22)

	'('  shift 31
	.  error


state 24
	variable : tPUBLIC tipo tIDENTIFIER . '=' expr  (6)
	variable : tPUBLIC tipo tIDENTIFIER .  (7)
	function : tPUBLIC tipo tIDENTIFIER . '(' args ')'  (14)
	function : tPUBLIC tipo tIDENTIFIER . '(' args ')' '=' literal body  (21)
	function : tPUBLIC tipo tIDENTIFIER . '(' args ')' body  (24)

	'='  shift 32
	'('  shift 33
	';'  reduce 7


state 25
	function : tUSE tPROCEDURE tIDENTIFIER . '(' args ')'  (17)

	'('  shift 34
	.  error


state 26
	variable : tUSE tipo tIDENTIFIER . '=' expr  (10)
	variable : tUSE tipo tIDENTIFIER .  (11)
	function : tUSE tipo tIDENTIFIER . '(' args ')'  (16)

	'='  shift 35
	'('  shift 36
	';'  reduce 11


state 27
	function : tPROCEDURE tIDENTIFIER '(' . args ')'  (13)
	function : tPROCEDURE tIDENTIFIER '(' . args ')' body  (20)
	args : .  (91)

	tSTRING_TYPE  shift 4
	tINT_TYPE  shift 5
	tDOUBLE_TYPE  shift 6
	'['  shift 7
	')'  reduce 91

	arg  goto 37
	args  goto 38
	arg_func  goto 39
	tipo  goto 40


state 28
	tipo : '[' tipo ']' .  (26)

	.  reduce 26


state 29
	variable : tipo tIDENTIFIER '=' . expr  (8)

	tINTEGER  shift 41
	tIDENTIFIER  shift 42
	tSTRING  shift 43
	tDOUBLE  shift 44
	tNULL  shift 45
	'~'  shift 46
	'+'  shift 47
	'-'  shift 48
	'['  shift 49
	'('  shift 50
	'@'  shift 51
	.  error

	expr  goto 52
	literal  goto 53
	funcall  goto 54
	lval  goto 55
	string  goto 56


state 30
	function : tipo tIDENTIFIER '(' . args ')'  (12)
	function : tipo tIDENTIFIER '(' . args ')' '=' literal  (18)
	function : tipo tIDENTIFIER '(' . args ')' '=' literal body  (19)
	function : tipo tIDENTIFIER '(' . args ')' body  (23)
	args : .  (91)

	tSTRING_TYPE  shift 4
	tINT_TYPE  shift 5
	tDOUBLE_TYPE  shift 6
	'['  shift 7
	')'  reduce 91

	arg  goto 37
	args  goto 57
	arg_func  goto 39
	tipo  goto 40


state 31
	function : tPUBLIC tPROCEDURE tIDENTIFIER '(' . args ')'  (15)
	function : tPUBLIC tPROCEDURE tIDENTIFIER '(' . args ')' body  (22)
	args : .  (91)

	tSTRING_TYPE  shift 4
	tINT_TYPE  shift 5
	tDOUBLE_TYPE  shift 6
	'['  shift 7
	')'  reduce 91

	arg  goto 37
	args  goto 58
	arg_func  goto 39
	tipo  goto 40


state 32
	variable : tPUBLIC tipo tIDENTIFIER '=' . expr  (6)

	tINTEGER  shift 41
	tIDENTIFIER  shift 42
	tSTRING  shift 43
	tDOUBLE  shift 44
	tNULL  shift 45
	'~'  shift 46
	'+'  shift 47
	'-'  shift 48
	'['  shift 49
	'('  shift 50
	'@'  shift 51
	.  error

	expr  goto 59
	literal  goto 53
	funcall  goto 54
	lval  goto 55
	string  goto 56


state 33
	function : tPUBLIC tipo tIDENTIFIER '(' . args ')'  (14)
	function : tPUBLIC tipo tIDENTIFIER '(' . args ')' '=' literal body  (21)
	function : tPUBLIC tipo tIDENTIFIER '(' . args ')' body  (24)
	args : .  (91)

	tSTRING_TYPE  shift 4
	tINT_TYPE  shift 5
	tDOUBLE_TYPE  shift 6
	'['  shift 7
	')'  reduce 91

	arg  goto 37
	args  goto 60
	arg_func  goto 39
	tipo  goto 40


state 34
	function : tUSE tPROCEDURE tIDENTIFIER '(' . args ')'  (17)
	args : .  (91)

	tSTRING_TYPE  shift 4
	tINT_TYPE  shift 5
	tDOUBLE_TYPE  shift 6
	'['  shift 7
	')'  reduce 91

	arg  goto 37
	args  goto 61
	arg_func  goto 39
	tipo  goto 40


state 35
	variable : tUSE tipo tIDENTIFIER '=' . expr  (10)

	tINTEGER  shift 41
	tIDENTIFIER  shift 42
	tSTRING  shift 43
	tDOUBLE  shift 44
	tNULL  shift 45
	'~'  shift 46
	'+'  shift 47
	'-'  shift 48
	'['  shift 49
	'('  shift 50
	'@'  shift 51
	.  error

	expr  goto 62
	literal  goto 53
	funcall  goto 54
	lval  goto 55
	string  goto 56


state 36
	function : tUSE tipo tIDENTIFIER '(' . args ')'  (16)
	args : .  (91)

	tSTRING_TYPE  shift 4
	tINT_TYPE  shift 5
	tDOUBLE_TYPE  shift 6
	'['  shift 7
	')'  reduce 91

	arg  goto 37
	args  goto 63
	arg_func  goto 39
	tipo  goto 40


state 37
	arg_func : arg .  (93)

	.  reduce 93


state 38
	function : tPROCEDURE tIDENTIFIER '(' args . ')'  (13)
	function : tPROCEDURE tIDENTIFIER '(' args . ')' body  (20)

	')'  shift 64
	.  error


state 39
	args : arg_func .  (90)
	arg_func : arg_func . ',' arg  (92)

	','  shift 65
	')'  reduce 90


state 40
	arg : tipo . tIDENTIFIER  (94)

	tIDENTIFIER  shift 66
	.  error


state 41
	literal : tINTEGER .  (31)

	.  reduce 31


state 42
	funcall : tIDENTIFIER . '(' expressoesMais ')'  (95)
	lval : tIDENTIFIER .  (100)

	'('  shift 67
	tPRINTLN  reduce 100
	'='  reduce 100
	'|'  reduce 100
	'&'  reduce 100
	tEQ  reduce 100
	tNE  reduce 100
	tGE  reduce 100
	'>'  reduce 100
	'<'  reduce 100
	tLE  reduce 100
	'+'  reduce 100
	'-'  reduce 100
	'*'  reduce 100
	'/'  reduce 100
	'%'  reduce 100
	'['  reduce 100
	';'  reduce 100
	')'  reduce 100
	']'  reduce 100
	'!'  reduce 100
	'?'  reduce 100
	':'  reduce 100
	','  reduce 100


state 43
	string : tSTRING .  (33)

	.  reduce 33


state 44
	literal : tDOUBLE .  (30)

	.  reduce 30


state 45
	literal : tNULL .  (32)

	.  reduce 32


state 46
	expr : '~' . expr  (78)

	tINTEGER  shift 41
	tIDENTIFIER  shift 42
	tSTRING  shift 43
	tDOUBLE  shift 44
	tNULL  shift 45
	'~'  shift 46
	'+'  shift 47
	'-'  shift 48
	'['  shift 49
	'('  shift 50
	'@'  shift 51
	.  error

	expr  goto 68
	literal  goto 53
	funcall  goto 54
	lval  goto 55
	string  goto 56


state 47
	expr : '+' . expr  (63)

	tINTEGER  shift 41
	tIDENTIFIER  shift 42
	tSTRING  shift 43
	tDOUBLE  shift 44
	tNULL  shift 45
	'~'  shift 46
	'+'  shift 47
	'-'  shift 48
	'['  shift 49
	'('  shift 50
	'@'  shift 51
	.  error

	expr  goto 69
	literal  goto 53
	funcall  goto 54
	lval  goto 55
	string  goto 56


state 48
	expr : '-' . expr  (62)

	tINTEGER  shift 41
	tIDENTIFIER  shift 42
	tSTRING  shift 43
	tDOUBLE  shift 44
	tNULL  shift 45
	'~'  shift 46
	'+'  shift 47
	'-'  shift 48
	'['  shift 49
	'('  shift 50
	'@'  shift 51
	.  error

	expr  goto 70
	literal  goto 53
	funcall  goto 54
	lval  goto 55
	string  goto 56


state 49
	expr : '[' . expr ']'  (83)

	tINTEGER  shift 41
	tIDENTIFIER  shift 42
	tSTRING  shift 43
	tDOUBLE  shift 44
	tNULL  shift 45
	'~'  shift 46
	'+'  shift 47
	'-'  shift 48
	'['  shift 49
	'('  shift 50
	'@'  shift 51
	.  error

	expr  goto 71
	literal  goto 53
	funcall  goto 54
	lval  goto 55
	string  goto 56


state 50
	expr : '(' . expr ')'  (81)

	tINTEGER  shift 41
	tIDENTIFIER  shift 42
	tSTRING  shift 43
	tDOUBLE  shift 44
	tNULL  shift 45
	'~'  shift 46
	'+'  shift 47
	'-'  shift 48
	'['  shift 49
	'('  shift 50
	'@'  shift 51
	.  error

	expr  goto 72
	literal  goto 53
	funcall  goto 54
	lval  goto 55
	string  goto 56


state 51
	expr : '@' .  (72)

	.  reduce 72


state 52
	variable : tipo tIDENTIFIER '=' expr .  (8)
	expr : expr . '+' expr  (64)
	expr : expr . '-' expr  (65)
	expr : expr . '*' expr  (66)
	expr : expr . '/' expr  (67)
	expr : expr . '%' expr  (68)
	expr : expr . '<' expr  (69)
	expr : expr . '>' expr  (70)
	expr : expr . tGE expr  (71)
	expr : expr . tLE expr  (73)
	expr : expr . tNE expr  (74)
	expr : expr . tEQ expr  (75)
	expr : expr . '&' expr  (76)
	expr : expr . '|' expr  (77)
	lval : expr . '[' expr ']'  (101)

	'|'  shift 73
	'&'  shift 74
	tEQ  shift 75
	tNE  shift 76
	tGE  shift 77
	'>'  shift 78
	'<'  shift 79
	tLE  shift 80
	'+'  shift 81
	'-'  shift 82
	'*'  shift 83
	'/'  shift 84
	'%'  shift 85
	'['  shift 86
	';'  reduce 8


state 53
	expr : literal .  (61)

	.  reduce 61


state 54
	expr : funcall .  (80)

	.  reduce 80


state 55
	expr : lval .  (79)
	expr : lval . '?'  (82)
	expr : lval . '=' expr  (84)

	'='  shift 87
	'?'  shift 88
	tPRINTLN  reduce 79
	'|'  reduce 79
	'&'  reduce 79
	tEQ  reduce 79
	tNE  reduce 79
	tGE  reduce 79
	'>'  reduce 79
	'<'  reduce 79
	tLE  reduce 79
	'+'  reduce 79
	'-'  reduce 79
	'*'  reduce 79
	'/'  reduce 79
	'%'  reduce 79
	'['  reduce 79
	';'  reduce 79
	')'  reduce 79
	']'  reduce 79
	'!'  reduce 79
	':'  reduce 79
	','  reduce 79


state 56
	literal : string .  (29)
	string : string . tSTRING  (34)

	tSTRING  shift 89
	$end  reduce 29
	tPRINTLN  reduce 29
	tPUBLIC  reduce 29
	tUSE  reduce 29
	tPROCEDURE  reduce 29
	tSTRING_TYPE  reduce 29
	tINT_TYPE  reduce 29
	tDOUBLE_TYPE  reduce 29
	'|'  reduce 29
	'&'  reduce 29
	tEQ  reduce 29
	tNE  reduce 29
	tGE  reduce 29
	'>'  reduce 29
	'<'  reduce 29
	tLE  reduce 29
	'+'  reduce 29
	'-'  reduce 29
	'*'  reduce 29
	'/'  reduce 29
	'%'  reduce 29
	'['  reduce 29
	';'  reduce 29
	')'  reduce 29
	']'  reduce 29
	'{'  reduce 29
	'!'  reduce 29
	':'  reduce 29
	','  reduce 29


state 57
	function : tipo tIDENTIFIER '(' args . ')'  (12)
	function : tipo tIDENTIFIER '(' args . ')' '=' literal  (18)
	function : tipo tIDENTIFIER '(' args . ')' '=' literal body  (19)
	function : tipo tIDENTIFIER '(' args . ')' body  (23)

	')'  shift 90
	.  error


state 58
	function : tPUBLIC tPROCEDURE tIDENTIFIER '(' args . ')'  (15)
	function : tPUBLIC tPROCEDURE tIDENTIFIER '(' args . ')' body  (22)

	')'  shift 91
	.  error


state 59
	variable : tPUBLIC tipo tIDENTIFIER '=' expr .  (6)
	expr : expr . '+' expr  (64)
	expr : expr . '-' expr  (65)
	expr : expr . '*' expr  (66)
	expr : expr . '/' expr  (67)
	expr : expr . '%' expr  (68)
	expr : expr . '<' expr  (69)
	expr : expr . '>' expr  (70)
	expr : expr . tGE expr  (71)
	expr : expr . tLE expr  (73)
	expr : expr . tNE expr  (74)
	expr : expr . tEQ expr  (75)
	expr : expr . '&' expr  (76)
	expr : expr . '|' expr  (77)
	lval : expr . '[' expr ']'  (101)

	'|'  shift 73
	'&'  shift 74
	tEQ  shift 75
	tNE  shift 76
	tGE  shift 77
	'>'  shift 78
	'<'  shift 79
	tLE  shift 80
	'+'  shift 81
	'-'  shift 82
	'*'  shift 83
	'/'  shift 84
	'%'  shift 85
	'['  shift 86
	';'  reduce 6


state 60
	function : tPUBLIC tipo tIDENTIFIER '(' args . ')'  (14)
	function : tPUBLIC tipo tIDENTIFIER '(' args . ')' '=' literal body  (21)
	function : tPUBLIC tipo tIDENTIFIER '(' args . ')' body  (24)

	')'  shift 92
	.  error


state 61
	function : tUSE tPROCEDURE tIDENTIFIER '(' args . ')'  (17)

	')'  shift 93
	.  error


state 62
	variable : tUSE tipo tIDENTIFIER '=' expr .  (10)
	expr : expr . '+' expr  (64)
	expr : expr . '-' expr  (65)
	expr : expr . '*' expr  (66)
	expr : expr . '/' expr  (67)
	expr : expr . '%' expr  (68)
	expr : expr . '<' expr  (69)
	expr : expr . '>' expr  (70)
	expr : expr . tGE expr  (71)
	expr : expr . tLE expr  (73)
	expr : expr . tNE expr  (74)
	expr : expr . tEQ expr  (75)
	expr : expr . '&' expr  (76)
	expr : expr . '|' expr  (77)
	lval : expr . '[' expr ']'  (101)

	'|'  shift 73
	'&'  shift 74
	tEQ  shift 75
	tNE  shift 76
	tGE  shift 77
	'>'  shift 78
	'<'  shift 79
	tLE  shift 80
	'+'  shift 81
	'-'  shift 82
	'*'  shift 83
	'/'  shift 84
	'%'  shift 85
	'['  shift 86
	';'  reduce 10


state 63
	function : tUSE tipo tIDENTIFIER '(' args . ')'  (16)

	')'  shift 94
	.  error


state 64
	function : tPROCEDURE tIDENTIFIER '(' args ')' .  (13)
	function : tPROCEDURE tIDENTIFIER '(' args ')' . body  (20)

	'{'  shift 95
	$end  reduce 13
	tPUBLIC  reduce 13
	tUSE  reduce 13
	tPROCEDURE  reduce 13
	tSTRING_TYPE  reduce 13
	tINT_TYPE  reduce 13
	tDOUBLE_TYPE  reduce 13
	'['  reduce 13

	bloco  goto 96
	body  goto 97


state 65
	arg_func : arg_func ',' . arg  (92)

	tSTRING_TYPE  shift 4
	tINT_TYPE  shift 5
	tDOUBLE_TYPE  shift 6
	'['  shift 7
	.  error

	arg  goto 98
	tipo  goto 40


state 66
	arg : tipo tIDENTIFIER .  (94)

	.  reduce 94


state 67
	funcall : tIDENTIFIER '(' . expressoesMais ')'  (95)
	expressoesMais : .  (97)

	tINTEGER  shift 41
	tIDENTIFIER  shift 42
	tSTRING  shift 43
	tDOUBLE  shift 44
	tNULL  shift 45
	'~'  shift 46
	'+'  shift 47
	'-'  shift 48
	'['  shift 49
	'('  shift 50
	'@'  shift 51
	')'  reduce 97

	expressoes  goto 99
	expressoesMais  goto 100
	expr  goto 101
	literal  goto 53
	funcall  goto 54
	lval  goto 55
	string  goto 56


state 68
	expr : expr . '+' expr  (64)
	expr : expr . '-' expr  (65)
	expr : expr . '*' expr  (66)
	expr : expr . '/' expr  (67)
	expr : expr . '%' expr  (68)
	expr : expr . '<' expr  (69)
	expr : expr . '>' expr  (70)
	expr : expr . tGE expr  (71)
	expr : expr . tLE expr  (73)
	expr : expr . tNE expr  (74)
	expr : expr . tEQ expr  (75)
	expr : expr . '&' expr  (76)
	expr : expr . '|' expr  (77)
	expr : '~' expr .  (78)
	lval : expr . '[' expr ']'  (101)

	'['  shift 86
	tPRINTLN  reduce 78
	'|'  reduce 78
	'&'  reduce 78
	tEQ  reduce 78
	tNE  reduce 78
	tGE  reduce 78
	'>'  reduce 78
	'<'  reduce 78
	tLE  reduce 78
	'+'  reduce 78
	'-'  reduce 78
	'*'  reduce 78
	'/'  reduce 78
	'%'  reduce 78
	';'  reduce 78
	')'  reduce 78
	']'  reduce 78
	'!'  reduce 78
	':'  reduce 78
	','  reduce 78


state 69
	expr : '+' expr .  (63)
	expr : expr . '+' expr  (64)
	expr : expr . '-' expr  (65)
	expr : expr . '*' expr  (66)
	expr : expr . '/' expr  (67)
	expr : expr . '%' expr  (68)
	expr : expr . '<' expr  (69)
	expr : expr . '>' expr  (70)
	expr : expr . tGE expr  (71)
	expr : expr . tLE expr  (73)
	expr : expr . tNE expr  (74)
	expr : expr . tEQ expr  (75)
	expr : expr . '&' expr  (76)
	expr : expr . '|' expr  (77)
	lval : expr . '[' expr ']'  (101)

	'['  shift 86
	tPRINTLN  reduce 63
	'|'  reduce 63
	'&'  reduce 63
	tEQ  reduce 63
	tNE  reduce 63
	tGE  reduce 63
	'>'  reduce 63
	'<'  reduce 63
	tLE  reduce 63
	'+'  reduce 63
	'-'  reduce 63
	'*'  reduce 63
	'/'  reduce 63
	'%'  reduce 63
	';'  reduce 63
	')'  reduce 63
	']'  reduce 63
	'!'  reduce 63
	':'  reduce 63
	','  reduce 63


state 70
	expr : '-' expr .  (62)
	expr : expr . '+' expr  (64)
	expr : expr . '-' expr  (65)
	expr : expr . '*' expr  (66)
	expr : expr . '/' expr  (67)
	expr : expr . '%' expr  (68)
	expr : expr . '<' expr  (69)
	expr : expr . '>' expr  (70)
	expr : expr . tGE expr  (71)
	expr : expr . tLE expr  (73)
	expr : expr . tNE expr  (74)
	expr : expr . tEQ expr  (75)
	expr : expr . '&' expr  (76)
	expr : expr . '|' expr  (77)
	lval : expr . '[' expr ']'  (101)

	'['  shift 86
	tPRINTLN  reduce 62
	'|'  reduce 62
	'&'  reduce 62
	tEQ  reduce 62
	tNE  reduce 62
	tGE  reduce 62
	'>'  reduce 62
	'<'  reduce 62
	tLE  reduce 62
	'+'  reduce 62
	'-'  reduce 62
	'*'  reduce 62
	'/'  reduce 62
	'%'  reduce 62
	';'  reduce 62
	')'  reduce 62
	']'  reduce 62
	'!'  reduce 62
	':'  reduce 62
	','  reduce 62


state 71
	expr : expr . '+' expr  (64)
	expr : expr . '-' expr  (65)
	expr : expr . '*' expr  (66)
	expr : expr . '/' expr  (67)
	expr : expr . '%' expr  (68)
	expr : expr . '<' expr  (69)
	expr : expr . '>' expr  (70)
	expr : expr . tGE expr  (71)
	expr : expr . tLE expr  (73)
	expr : expr . tNE expr  (74)
	expr : expr . tEQ expr  (75)
	expr : expr . '&' expr  (76)
	expr : expr . '|' expr  (77)
	expr : '[' expr . ']'  (83)
	lval : expr . '[' expr ']'  (101)

	'|'  shift 73
	'&'  shift 74
	tEQ  shift 75
	tNE  shift 76
	tGE  shift 77
	'>'  shift 78
	'<'  shift 79
	tLE  shift 80
	'+'  shift 81
	'-'  shift 82
	'*'  shift 83
	'/'  shift 84
	'%'  shift 85
	'['  shift 86
	']'  shift 102
	.  error


state 72
	expr : expr . '+' expr  (64)
	expr : expr . '-' expr  (65)
	expr : expr . '*' expr  (66)
	expr : expr . '/' expr  (67)
	expr : expr . '%' expr  (68)
	expr : expr . '<' expr  (69)
	expr : expr . '>' expr  (70)
	expr : expr . tGE expr  (71)
	expr : expr . tLE expr  (73)
	expr : expr . tNE expr  (74)
	expr : expr . tEQ expr  (75)
	expr : expr . '&' expr  (76)
	expr : expr . '|' expr  (77)
	expr : '(' expr . ')'  (81)
	lval : expr . '[' expr ']'  (101)

	'|'  shift 73
	'&'  shift 74
	tEQ  shift 75
	tNE  shift 76
	tGE  shift 77
	'>'  shift 78
	'<'  shift 79
	tLE  shift 80
	'+'  shift 81
	'-'  shift 82
	'*'  shift 83
	'/'  shift 84
	'%'  shift 85
	'['  shift 86
	')'  shift 103
	.  error


state 73
	expr : expr '|' . expr  (77)

	tINTEGER  shift 41
	tIDENTIFIER  shift 42
	tSTRING  shift 43
	tDOUBLE  shift 44
	tNULL  shift 45
	'~'  shift 46
	'+'  shift 47
	'-'  shift 48
	'['  shift 49
	'('  shift 50
	'@'  shift 51
	.  error

	expr  goto 104
	literal  goto 53
	funcall  goto 54
	lval  goto 55
	string  goto 56


state 74
	expr : expr '&' . expr  (76)

	tINTEGER  shift 41
	tIDENTIFIER  shift 42
	tSTRING  shift 43
	tDOUBLE  shift 44
	tNULL  shift 45
	'~'  shift 46
	'+'  shift 47
	'-'  shift 48
	'['  shift 49
	'('  shift 50
	'@'  shift 51
	.  error

	expr  goto 105
	literal  goto 53
	funcall  goto 54
	lval  goto 55
	string  goto 56


state 75
	expr : expr tEQ . expr  (75)

	tINTEGER  shift 41
	tIDENTIFIER  shift 42
	tSTRING  shift 43
	tDOUBLE  shift 44
	tNULL  shift 45
	'~'  shift 46
	'+'  shift 47
	'-'  shift 48
	'['  shift 49
	'('  shift 50
	'@'  shift 51
	.  error

	expr  goto 106
	literal  goto 53
	funcall  goto 54
	lval  goto 55
	string  goto 56


state 76
	expr : expr tNE . expr  (74)

	tINTEGER  shift 41
	tIDENTIFIER  shift 42
	tSTRING  shift 43
	tDOUBLE  shift 44
	tNULL  shift 45
	'~'  shift 46
	'+'  shift 47
	'-'  shift 48
	'['  shift 49
	'('  shift 50
	'@'  shift 51
	.  error

	expr  goto 107
	literal  goto 53
	funcall  goto 54
	lval  goto 55
	string  goto 56


state 77
	expr : expr tGE . expr  (71)

	tINTEGER  shift 41
	tIDENTIFIER  shift 42
	tSTRING  shift 43
	tDOUBLE  shift 44
	tNULL  shift 45
	'~'  shift 46
	'+'  shift 47
	'-'  shift 48
	'['  shift 49
	'('  shift 50
	'@'  shift 51
	.  error

	expr  goto 108
	literal  goto 53
	funcall  goto 54
	lval  goto 55
	string  goto 56


state 78
	expr : expr '>' . expr  (70)

	tINTEGER  shift 41
	tIDENTIFIER  shift 42
	tSTRING  shift 43
	tDOUBLE  shift 44
	tNULL  shift 45
	'~'  shift 46
	'+'  shift 47
	'-'  shift 48
	'['  shift 49
	'('  shift 50
	'@'  shift 51
	.  error

	expr  goto 109
	literal  goto 53
	funcall  goto 54
	lval  goto 55
	string  goto 56


state 79
	expr : expr '<' . expr  (69)

	tINTEGER  shift 41
	tIDENTIFIER  shift 42
	tSTRING  shift 43
	tDOUBLE  shift 44
	tNULL  shift 45
	'~'  shift 46
	'+'  shift 47
	'-'  shift 48
	'['  shift 49
	'('  shift 50
	'@'  shift 51
	.  error

	expr  goto 110
	literal  goto 53
	funcall  goto 54
	lval  goto 55
	string  goto 56


state 80
	expr : expr tLE . expr  (73)

	tINTEGER  shift 41
	tIDENTIFIER  shift 42
	tSTRING  shift 43
	tDOUBLE  shift 44
	tNULL  shift 45
	'~'  shift 46
	'+'  shift 47
	'-'  shift 48
	'['  shift 49
	'('  shift 50
	'@'  shift 51
	.  error

	expr  goto 111
	literal  goto 53
	funcall  goto 54
	lval  goto 55
	string  goto 56


state 81
	expr : expr '+' . expr  (64)

	tINTEGER  shift 41
	tIDENTIFIER  shift 42
	tSTRING  shift 43
	tDOUBLE  shift 44
	tNULL  shift 45
	'~'  shift 46
	'+'  shift 47
	'-'  shift 48
	'['  shift 49
	'('  shift 50
	'@'  shift 51
	.  error

	expr  goto 112
	literal  goto 53
	funcall  goto 54
	lval  goto 55
	string  goto 56


state 82
	expr : expr '-' . expr  (65)

	tINTEGER  shift 41
	tIDENTIFIER  shift 42
	tSTRING  shift 43
	tDOUBLE  shift 44
	tNULL  shift 45
	'~'  shift 46
	'+'  shift 47
	'-'  shift 48
	'['  shift 49
	'('  shift 50
	'@'  shift 51
	.  error

	expr  goto 113
	literal  goto 53
	funcall  goto 54
	lval  goto 55
	string  goto 56


state 83
	expr : expr '*' . expr  (66)

	tINTEGER  shift 41
	tIDENTIFIER  shift 42
	tSTRING  shift 43
	tDOUBLE  shift 44
	tNULL  shift 45
	'~'  shift 46
	'+'  shift 47
	'-'  shift 48
	'['  shift 49
	'('  shift 50
	'@'  shift 51
	.  error

	expr  goto 114
	literal  goto 53
	funcall  goto 54
	lval  goto 55
	string  goto 56


state 84
	expr : expr '/' . expr  (67)

	tINTEGER  shift 41
	tIDENTIFIER  shift 42
	tSTRING  shift 43
	tDOUBLE  shift 44
	tNULL  shift 45
	'~'  shift 46
	'+'  shift 47
	'-'  shift 48
	'['  shift 49
	'('  shift 50
	'@'  shift 51
	.  error

	expr  goto 115
	literal  goto 53
	funcall  goto 54
	lval  goto 55
	string  goto 56


state 85
	expr : expr '%' . expr  (68)

	tINTEGER  shift 41
	tIDENTIFIER  shift 42
	tSTRING  shift 43
	tDOUBLE  shift 44
	tNULL  shift 45
	'~'  shift 46
	'+'  shift 47
	'-'  shift 48
	'['  shift 49
	'('  shift 50
	'@'  shift 51
	.  error

	expr  goto 116
	literal  goto 53
	funcall  goto 54
	lval  goto 55
	string  goto 56


state 86
	lval : expr '[' . expr ']'  (101)

	tINTEGER  shift 41
	tIDENTIFIER  shift 42
	tSTRING  shift 43
	tDOUBLE  shift 44
	tNULL  shift 45
	'~'  shift 46
	'+'  shift 47
	'-'  shift 48
	'['  shift 49
	'('  shift 50
	'@'  shift 51
	.  error

	expr  goto 117
	literal  goto 53
	funcall  goto 54
	lval  goto 55
	string  goto 56


state 87
	expr : lval '=' . expr  (84)

	tINTEGER  shift 41
	tIDENTIFIER  shift 42
	tSTRING  shift 43
	tDOUBLE  shift 44
	tNULL  shift 45
	'~'  shift 46
	'+'  shift 47
	'-'  shift 48
	'['  shift 49
	'('  shift 50
	'@'  shift 51
	.  error

	expr  goto 118
	literal  goto 53
	funcall  goto 54
	lval  goto 55
	string  goto 56


state 88
	expr : lval '?' .  (82)

	.  reduce 82


state 89
	string : string tSTRING .  (34)

	.  reduce 34


state 90
	function : tipo tIDENTIFIER '(' args ')' .  (12)
	function : tipo tIDENTIFIER '(' args ')' . '=' literal  (18)
	function : tipo tIDENTIFIER '(' args ')' . '=' literal body  (19)
	function : tipo tIDENTIFIER '(' args ')' . body  (23)

	'='  shift 119
	'{'  shift 95
	$end  reduce 12
	tPUBLIC  reduce 12
	tUSE  reduce 12
	tPROCEDURE  reduce 12
	tSTRING_TYPE  reduce 12
	tINT_TYPE  reduce 12
	tDOUBLE_TYPE  reduce 12
	'['  reduce 12

	bloco  goto 96
	body  goto 120


state 91
	function : tPUBLIC tPROCEDURE tIDENTIFIER '(' args ')' .  (15)
	function : tPUBLIC tPROCEDURE tIDENTIFIER '(' args ')' . body  (22)

	'{'  shift 95
	$end  reduce 15
	tPUBLIC  reduce 15
	tUSE  reduce 15
	tPROCEDURE  reduce 15
	tSTRING_TYPE  reduce 15
	tINT_TYPE  reduce 15
	tDOUBLE_TYPE  reduce 15
	'['  reduce 15

	bloco  goto 96
	body  goto 121


state 92
	function : tPUBLIC tipo tIDENTIFIER '(' args ')' .  (14)
	function : tPUBLIC tipo tIDENTIFIER '(' args ')' . '=' literal body  (21)
	function : tPUBLIC tipo tIDENTIFIER '(' args ')' . body  (24)

	'='  shift 122
	'{'  shift 95
	$end  reduce 14
	tPUBLIC  reduce 14
	tUSE  reduce 14
	tPROCEDURE  reduce 14
	tSTRING_TYPE  reduce 14
	tINT_TYPE  reduce 14
	tDOUBLE_TYPE  reduce 14
	'['  reduce 14

	bloco  goto 96
	body  goto 123


state 93
	function : tUSE tPROCEDURE tIDENTIFIER '(' args ')' .  (17)

	.  reduce 17


state 94
	function : tUSE tipo tIDENTIFIER '(' args ')' .  (16)

	.  reduce 16


state 95
	bloco : '{' . declarationsBlock '}'  (36)
	bloco : '{' . instrucoes '}'  (37)
	bloco : '{' . declarationsBlock instrucoes '}'  (38)
	bloco : '{' . '}'  (39)

	tINTEGER  shift 41
	tIDENTIFIER  shift 42
	tSTRING  shift 43
	tDOUBLE  shift 44
	tWHILE  shift 124
	tIF  shift 125
	tSTOP  shift 126
	tNEXT  shift 127
	tRETURN  shift 128
	tSWEEP  shift 129
	tNULL  shift 45
	tSTRING_TYPE  shift 4
	tINT_TYPE  shift 5
	tDOUBLE_TYPE  shift 6
	'~'  shift 46
	'+'  shift 47
	'-'  shift 48
	'['  shift 130
	'('  shift 50
	'{'  shift 95
	'}'  shift 131
	'@'  shift 51
	.  error

	instrucao  goto 132
	iteration  goto 133
	cond  goto 134
	variableBlock  goto 135
	instrucoes  goto 136
	declarationsBlock  goto 137
	expr  goto 138
	literal  goto 53
	funcall  goto 54
	lval  goto 55
	tipo  goto 139
	string  goto 56
	bloco  goto 140


state 96
	body : bloco .  (35)

	.  reduce 35


state 97
	function : tPROCEDURE tIDENTIFIER '(' args ')' body .  (20)

	.  reduce 20


state 98
	arg_func : arg_func ',' arg .  (92)

	.  reduce 92


state 99
	expressoesMais : expressoes .  (96)
	expressoes : expressoes . ',' expr  (98)

	','  shift 141
	')'  reduce 96


state 100
	funcall : tIDENTIFIER '(' expressoesMais . ')'  (95)

	')'  shift 142
	.  error


state 101
	expr : expr . '+' expr  (64)
	expr : expr . '-' expr  (65)
	expr : expr . '*' expr  (66)
	expr : expr . '/' expr  (67)
	expr : expr . '%' expr  (68)
	expr : expr . '<' expr  (69)
	expr : expr . '>' expr  (70)
	expr : expr . tGE expr  (71)
	expr : expr . tLE expr  (73)
	expr : expr . tNE expr  (74)
	expr : expr . tEQ expr  (75)
	expr : expr . '&' expr  (76)
	expr : expr . '|' expr  (77)
	expressoes : expr .  (99)
	lval : expr . '[' expr ']'  (101)

	'|'  shift 73
	'&'  shift 74
	tEQ  shift 75
	tNE  shift 76
	tGE  shift 77
	'>'  shift 78
	'<'  shift 79
	tLE  shift 80
	'+'  shift 81
	'-'  shift 82
	'*'  shift 83
	'/'  shift 84
	'%'  shift 85
	'['  shift 86
	')'  reduce 99
	','  reduce 99


state 102
	expr : '[' expr ']' .  (83)

	.  reduce 83


state 103
	expr : '(' expr ')' .  (81)

	.  reduce 81


state 104
	expr : expr . '+' expr  (64)
	expr : expr . '-' expr  (65)
	expr : expr . '*' expr  (66)
	expr : expr . '/' expr  (67)
	expr : expr . '%' expr  (68)
	expr : expr . '<' expr  (69)
	expr : expr . '>' expr  (70)
	expr : expr . tGE expr  (71)
	expr : expr . tLE expr  (73)
	expr : expr . tNE expr  (74)
	expr : expr . tEQ expr  (75)
	expr : expr . '&' expr  (76)
	expr : expr . '|' expr  (77)
	expr : expr '|' expr .  (77)
	lval : expr . '[' expr ']'  (101)

	'&'  shift 74
	tEQ  shift 75
	tNE  shift 76
	tGE  shift 77
	'>'  shift 78
	'<'  shift 79
	tLE  shift 80
	'+'  shift 81
	'-'  shift 82
	'*'  shift 83
	'/'  shift 84
	'%'  shift 85
	'['  shift 86
	tPRINTLN  reduce 77
	'|'  reduce 77
	';'  reduce 77
	')'  reduce 77
	']'  reduce 77
	'!'  reduce 77
	':'  reduce 77
	','  reduce 77


state 105
	expr : expr . '+' expr  (64)
	expr : expr . '-' expr  (65)
	expr : expr . '*' expr  (66)
	expr : expr . '/' expr  (67)
	expr : expr . '%' expr  (68)
	expr : expr . '<' expr  (69)
	expr : expr . '>' expr  (70)
	expr : expr . tGE expr  (71)
	expr : expr . tLE expr  (73)
	expr : expr . tNE expr  (74)
	expr : expr . tEQ expr  (75)
	expr : expr . '&' expr  (76)
	expr : expr '&' expr .  (76)
	expr : expr . '|' expr  (77)
	lval : expr . '[' expr ']'  (101)

	tEQ  shift 75
	tNE  shift 76
	tGE  shift 77
	'>'  shift 78
	'<'  shift 79
	tLE  shift 80
	'+'  shift 81
	'-'  shift 82
	'*'  shift 83
	'/'  shift 84
	'%'  shift 85
	'['  shift 86
	tPRINTLN  reduce 76
	'|'  reduce 76
	'&'  reduce 76
	';'  reduce 76
	')'  reduce 76
	']'  reduce 76
	'!'  reduce 76
	':'  reduce 76
	','  reduce 76


state 106
	expr : expr . '+' expr  (64)
	expr : expr . '-' expr  (65)
	expr : expr . '*' expr  (66)
	expr : expr . '/' expr  (67)
	expr : expr . '%' expr  (68)
	expr : expr . '<' expr  (69)
	expr : expr . '>' expr  (70)
	expr : expr . tGE expr  (71)
	expr : expr . tLE expr  (73)
	expr : expr . tNE expr  (74)
	expr : expr . tEQ expr  (75)
	expr : expr tEQ expr .  (75)
	expr : expr . '&' expr  (76)
	expr : expr . '|' expr  (77)
	lval : expr . '[' expr ']'  (101)

	tGE  shift 77
	'>'  shift 78
	'<'  shift 79
	tLE  shift 80
	'+'  shift 81
	'-'  shift 82
	'*'  shift 83
	'/'  shift 84
	'%'  shift 85
	'['  shift 86
	tPRINTLN  reduce 75
	'|'  reduce 75
	'&'  reduce 75
	tEQ  reduce 75
	tNE  reduce 75
	';'  reduce 75
	')'  reduce 75
	']'  reduce 75
	'!'  reduce 75
	':'  reduce 75
	','  reduce 75


state 107
	expr : expr . '+' expr  (64)
	expr : expr . '-' expr  (65)
	expr : expr . '*' expr  (66)
	expr : expr . '/' expr  (67)
	expr : expr . '%' expr  (68)
	expr : expr . '<' expr  (69)
	expr : expr . '>' expr  (70)
	expr : expr . tGE expr  (71)
	expr : expr . tLE expr  (73)
	expr : expr . tNE expr  (74)
	expr : expr tNE expr .  (74)
	expr : expr . tEQ expr  (75)
	expr : expr . '&' expr  (76)
	expr : expr . '|' expr  (77)
	lval : expr . '[' expr ']'  (101)

	tGE  shift 77
	'>'  shift 78
	'<'  shift 79
	tLE  shift 80
	'+'  shift 81
	'-'  shift 82
	'*'  shift 83
	'/'  shift 84
	'%'  shift 85
	'['  shift 86
	tPRINTLN  reduce 74
	'|'  reduce 74
	'&'  reduce 74
	tEQ  reduce 74
	tNE  reduce 74
	';'  reduce 74
	')'  reduce 74
	']'  reduce 74
	'!'  reduce 74
	':'  reduce 74
	','  reduce 74


state 108
	expr : expr . '+' expr  (64)
	expr : expr . '-' expr  (65)
	expr : expr . '*' expr  (66)
	expr : expr . '/' expr  (67)
	expr : expr . '%' expr  (68)
	expr : expr . '<' expr  (69)
	expr : expr . '>' expr  (70)
	expr : expr . tGE expr  (71)
	expr : expr tGE expr .  (71)
	expr : expr . tLE expr  (73)
	expr : expr . tNE expr  (74)
	expr : expr . tEQ expr  (75)
	expr : expr . '&' expr  (76)
	expr : expr . '|' expr  (77)
	lval : expr . '[' expr ']'  (101)

	'+'  shift 81
	'-'  shift 82
	'*'  shift 83
	'/'  shift 84
	'%'  shift 85
	'['  shift 86
	tPRINTLN  reduce 71
	'|'  reduce 71
	'&'  reduce 71
	tEQ  reduce 71
	tNE  reduce 71
	tGE  reduce 71
	'>'  reduce 71
	'<'  reduce 71
	tLE  reduce 71
	';'  reduce 71
	')'  reduce 71
	']'  reduce 71
	'!'  reduce 71
	':'  reduce 71
	','  reduce 71


state 109
	expr : expr . '+' expr  (64)
	expr : expr . '-' expr  (65)
	expr : expr . '*' expr  (66)
	expr : expr . '/' expr  (67)
	expr : expr . '%' expr  (68)
	expr : expr . '<' expr  (69)
	expr : expr . '>' expr  (70)
	expr : expr '>' expr .  (70)
	expr : expr . tGE expr  (71)
	expr : expr . tLE expr  (73)
	expr : expr . tNE expr  (74)
	expr : expr . tEQ expr  (75)
	expr : expr . '&' expr  (76)
	expr : expr . '|' expr  (77)
	lval : expr . '[' expr ']'  (101)

	'+'  shift 81
	'-'  shift 82
	'*'  shift 83
	'/'  shift 84
	'%'  shift 85
	'['  shift 86
	tPRINTLN  reduce 70
	'|'  reduce 70
	'&'  reduce 70
	tEQ  reduce 70
	tNE  reduce 70
	tGE  reduce 70
	'>'  reduce 70
	'<'  reduce 70
	tLE  reduce 70
	';'  reduce 70
	')'  reduce 70
	']'  reduce 70
	'!'  reduce 70
	':'  reduce 70
	','  reduce 70


state 110
	expr : expr . '+' expr  (64)
	expr : expr . '-' expr  (65)
	expr : expr . '*' expr  (66)
	expr : expr . '/' expr  (67)
	expr : expr . '%' expr  (68)
	expr : expr . '<' expr  (69)
	expr : expr '<' expr .  (69)
	expr : expr . '>' expr  (70)
	expr : expr . tGE expr  (71)
	expr : expr . tLE expr  (73)
	expr : expr . tNE expr  (74)
	expr : expr . tEQ expr  (75)
	expr : expr . '&' expr  (76)
	expr : expr . '|' expr  (77)
	lval : expr . '[' expr ']'  (101)

	'+'  shift 81
	'-'  shift 82
	'*'  shift 83
	'/'  shift 84
	'%'  shift 85
	'['  shift 86
	tPRINTLN  reduce 69
	'|'  reduce 69
	'&'  reduce 69
	tEQ  reduce 69
	tNE  reduce 69
	tGE  reduce 69
	'>'  reduce 69
	'<'  reduce 69
	tLE  reduce 69
	';'  reduce 69
	')'  reduce 69
	']'  reduce 69
	'!'  reduce 69
	':'  reduce 69
	','  reduce 69


state 111
	expr : expr . '+' expr  (64)
	expr : expr . '-' expr  (65)
	expr : expr . '*' expr  (66)
	expr : expr . '/' expr  (67)
	expr : expr . '%' expr  (68)
	expr : expr . '<' expr  (69)
	expr : expr . '>' expr  (70)
	expr : expr . tGE expr  (71)
	expr : expr . tLE expr  (73)
	expr : expr tLE expr .  (73)
	expr : expr . tNE expr  (74)
	expr : expr . tEQ expr  (75)
	expr : expr . '&' expr  (76)
	expr : expr . '|' expr  (77)
	lval : expr . '[' expr ']'  (101)

	'+'  shift 81
	'-'  shift 82
	'*'  shift 83
	'/'  shift 84
	'%'  shift 85
	'['  shift 86
	tPRINTLN  reduce 73
	'|'  reduce 73
	'&'  reduce 73
	tEQ  reduce 73
	tNE  reduce 73
	tGE  reduce 73
	'>'  reduce 73
	'<'  reduce 73
	tLE  reduce 73
	';'  reduce 73
	')'  reduce 73
	']'  reduce 73
	'!'  reduce 73
	':'  reduce 73
	','  reduce 73


state 112
	expr : expr . '+' expr  (64)
	expr : expr '+' expr .  (64)
	expr : expr . '-' expr  (65)
	expr : expr . '*' expr  (66)
	expr : expr . '/' expr  (67)
	expr : expr . '%' expr  (68)
	expr : expr . '<' expr  (69)
	expr : expr . '>' expr  (70)
	expr : expr . tGE expr  (71)
	expr : expr . tLE expr  (73)
	expr : expr . tNE expr  (74)
	expr : expr . tEQ expr  (75)
	expr : expr . '&' expr  (76)
	expr : expr . '|' expr  (77)
	lval : expr . '[' expr ']'  (101)

	'*'  shift 83
	'/'  shift 84
	'%'  shift 85
	'['  shift 86
	tPRINTLN  reduce 64
	'|'  reduce 64
	'&'  reduce 64
	tEQ  reduce 64
	tNE  reduce 64
	tGE  reduce 64
	'>'  reduce 64
	'<'  reduce 64
	tLE  reduce 64
	'+'  reduce 64
	'-'  reduce 64
	';'  reduce 64
	')'  reduce 64
	']'  reduce 64
	'!'  reduce 64
	':'  reduce 64
	','  reduce 64


state 113
	expr : expr . '+' expr  (64)
	expr : expr . '-' expr  (65)
	expr : expr '-' expr .  (65)
	expr : expr . '*' expr  (66)
	expr : expr . '/' expr  (67)
	expr : expr . '%' expr  (68)
	expr : expr . '<' expr  (69)
	expr : expr . '>' expr  (70)
	expr : expr . tGE expr  (71)
	expr : expr . tLE expr  (73)
	expr : expr . tNE expr  (74)
	expr : expr . tEQ expr  (75)
	expr : expr . '&' expr  (76)
	expr : expr . '|' expr  (77)
	lval : expr . '[' expr ']'  (101)

	'*'  shift 83
	'/'  shift 84
	'%'  shift 85
	'['  shift 86
	tPRINTLN  reduce 65
	'|'  reduce 65
	'&'  reduce 65
	tEQ  reduce 65
	tNE  reduce 65
	tGE  reduce 65
	'>'  reduce 65
	'<'  reduce 65
	tLE  reduce 65
	'+'  reduce 65
	'-'  reduce 65
	';'  reduce 65
	')'  reduce 65
	']'  reduce 65
	'!'  reduce 65
	':'  reduce 65
	','  reduce 65


state 114
	expr : expr . '+' expr  (64)
	expr : expr . '-' expr  (65)
	expr : expr . '*' expr  (66)
	expr : expr '*' expr .  (66)
	expr : expr . '/' expr  (67)
	expr : expr . '%' expr  (68)
	expr : expr . '<' expr  (69)
	expr : expr . '>' expr  (70)
	expr : expr . tGE expr  (71)
	expr : expr . tLE expr  (73)
	expr : expr . tNE expr  (74)
	expr : expr . tEQ expr  (75)
	expr : expr . '&' expr  (76)
	expr : expr . '|' expr  (77)
	lval : expr . '[' expr ']'  (101)

	'['  shift 86
	tPRINTLN  reduce 66
	'|'  reduce 66
	'&'  reduce 66
	tEQ  reduce 66
	tNE  reduce 66
	tGE  reduce 66
	'>'  reduce 66
	'<'  reduce 66
	tLE  reduce 66
	'+'  reduce 66
	'-'  reduce 66
	'*'  reduce 66
	'/'  reduce 66
	'%'  reduce 66
	';'  reduce 66
	')'  reduce 66
	']'  reduce 66
	'!'  reduce 66
	':'  reduce 66
	','  reduce 66


state 115
	expr : expr . '+' expr  (64)
	expr : expr . '-' expr  (65)
	expr : expr . '*' expr  (66)
	expr : expr . '/' expr  (67)
	expr : expr '/' expr .  (67)
	expr : expr . '%' expr  (68)
	expr : expr . '<' expr  (69)
	expr : expr . '>' expr  (70)
	expr : expr . tGE expr  (71)
	expr : expr . tLE expr  (73)
	expr : expr . tNE expr  (74)
	expr : expr . tEQ expr  (75)
	expr : expr . '&' expr  (76)
	expr : expr . '|' expr  (77)
	lval : expr . '[' expr ']'  (101)

	'['  shift 86
	tPRINTLN  reduce 67
	'|'  reduce 67
	'&'  reduce 67
	tEQ  reduce 67
	tNE  reduce 67
	tGE  reduce 67
	'>'  reduce 67
	'<'  reduce 67
	tLE  reduce 67
	'+'  reduce 67
	'-'  reduce 67
	'*'  reduce 67
	'/'  reduce 67
	'%'  reduce 67
	';'  reduce 67
	')'  reduce 67
	']'  reduce 67
	'!'  reduce 67
	':'  reduce 67
	','  reduce 67


state 116
	expr : expr . '+' expr  (64)
	expr : expr . '-' expr  (65)
	expr : expr . '*' expr  (66)
	expr : expr . '/' expr  (67)
	expr : expr . '%' expr  (68)
	expr : expr '%' expr .  (68)
	expr : expr . '<' expr  (69)
	expr : expr . '>' expr  (70)
	expr : expr . tGE expr  (71)
	expr : expr . tLE expr  (73)
	expr : expr . tNE expr  (74)
	expr : expr . tEQ expr  (75)
	expr : expr . '&' expr  (76)
	expr : expr . '|' expr  (77)
	lval : expr . '[' expr ']'  (101)

	'['  shift 86
	tPRINTLN  reduce 68
	'|'  reduce 68
	'&'  reduce 68
	tEQ  reduce 68
	tNE  reduce 68
	tGE  reduce 68
	'>'  reduce 68
	'<'  reduce 68
	tLE  reduce 68
	'+'  reduce 68
	'-'  reduce 68
	'*'  reduce 68
	'/'  reduce 68
	'%'  reduce 68
	';'  reduce 68
	')'  reduce 68
	']'  reduce 68
	'!'  reduce 68
	':'  reduce 68
	','  reduce 68


state 117
	expr : expr . '+' expr  (64)
	expr : expr . '-' expr  (65)
	expr : expr . '*' expr  (66)
	expr : expr . '/' expr  (67)
	expr : expr . '%' expr  (68)
	expr : expr . '<' expr  (69)
	expr : expr . '>' expr  (70)
	expr : expr . tGE expr  (71)
	expr : expr . tLE expr  (73)
	expr : expr . tNE expr  (74)
	expr : expr . tEQ expr  (75)
	expr : expr . '&' expr  (76)
	expr : expr . '|' expr  (77)
	lval : expr . '[' expr ']'  (101)
	lval : expr '[' expr . ']'  (101)

	'|'  shift 73
	'&'  shift 74
	tEQ  shift 75
	tNE  shift 76
	tGE  shift 77
	'>'  shift 78
	'<'  shift 79
	tLE  shift 80
	'+'  shift 81
	'-'  shift 82
	'*'  shift 83
	'/'  shift 84
	'%'  shift 85
	'['  shift 86
	']'  shift 143
	.  error


state 118
	expr : expr . '+' expr  (64)
	expr : expr . '-' expr  (65)
	expr : expr . '*' expr  (66)
	expr : expr . '/' expr  (67)
	expr : expr . '%' expr  (68)
	expr : expr . '<' expr  (69)
	expr : expr . '>' expr  (70)
	expr : expr . tGE expr  (71)
	expr : expr . tLE expr  (73)
	expr : expr . tNE expr  (74)
	expr : expr . tEQ expr  (75)
	expr : expr . '&' expr  (76)
	expr : expr . '|' expr  (77)
	expr : lval '=' expr .  (84)
	lval : expr . '[' expr ']'  (101)

	'|'  shift 73
	'&'  shift 74
	tEQ  shift 75
	tNE  shift 76
	tGE  shift 77
	'>'  shift 78
	'<'  shift 79
	tLE  shift 80
	'+'  shift 81
	'-'  shift 82
	'*'  shift 83
	'/'  shift 84
	'%'  shift 85
	'['  shift 86
	tPRINTLN  reduce 84
	';'  reduce 84
	')'  reduce 84
	']'  reduce 84
	'!'  reduce 84
	':'  reduce 84
	','  reduce 84


state 119
	function : tipo tIDENTIFIER '(' args ')' '=' . literal  (18)
	function : tipo tIDENTIFIER '(' args ')' '=' . literal body  (19)

	tINTEGER  shift 41
	tSTRING  shift 43
	tDOUBLE  shift 44
	tNULL  shift 45
	.  error

	literal  goto 144
	string  goto 56


state 120
	function : tipo tIDENTIFIER '(' args ')' body .  (23)

	.  reduce 23


state 121
	function : tPUBLIC tPROCEDURE tIDENTIFIER '(' args ')' body .  (22)

	.  reduce 22


state 122
	function : tPUBLIC tipo tIDENTIFIER '(' args ')' '=' . literal body  (21)

	tINTEGER  shift 41
	tSTRING  shift 43
	tDOUBLE  shift 44
	tNULL  shift 45
	.  error

	literal  goto 145
	string  goto 56


state 123
	function : tPUBLIC tipo tIDENTIFIER '(' args ')' body .  (24)

	.  reduce 24


state 124
	iteration : tWHILE . '(' expr ')' instrucao  (85)

	'('  shift 146
	.  error


state 125
	cond : tIF . '(' expr ')' instrucao  (55)
	cond : tIF . '(' expr ')' instrucao tELSE instrucao  (56)
	cond : tIF . '(' expr ')' instrucao condCont  (57)

	'('  shift 147
	.  error


state 126
	instrucao : tSTOP .  (50)

	.  reduce 50


state 127
	instrucao : tNEXT .  (51)

	.  reduce 51


state 128
	instrucao : tRETURN .  (52)

	.  reduce 52


state 129
	iteration : tSWEEP . '+' '(' lval ':' expr ':' expr ':' expr ')' instrucao  (86)
	iteration : tSWEEP . '+' '(' lval ':' expr ':' expr ')' instrucao  (87)
	iteration : tSWEEP . '-' '(' lval ':' expr ':' expr ':' expr ')' instrucao  (88)
	iteration : tSWEEP . '-' '(' lval ':' expr ':' expr ')' instrucao  (89)

	'+'  shift 148
	'-'  shift 149
	.  error


state 130
	tipo : '[' . tipo ']'  (26)
	expr : '[' . expr ']'  (83)

	tINTEGER  shift 41
	tIDENTIFIER  shift 42
	tSTRING  shift 43
	tDOUBLE  shift 44
	tNULL  shift 45
	tSTRING_TYPE  shift 4
	tINT_TYPE  shift 5
	tDOUBLE_TYPE  shift 6
	'~'  shift 46
	'+'  shift 47
	'-'  shift 48
	'['  shift 130
	'('  shift 50
	'@'  shift 51
	.  error

	expr  goto 71
	literal  goto 53
	funcall  goto 54
	lval  goto 55
	tipo  goto 19
	string  goto 56


state 131
	bloco : '{' '}' .  (39)

	.  reduce 39


state 132
	instrucoes : instrucao .  (53)

	.  reduce 53


state 133
	instrucao : iteration .  (48)

	.  reduce 48


state 134
	instrucao : cond .  (49)

	.  reduce 49


state 135
	declarationsBlock : variableBlock .  (40)

	.  reduce 40


state 136
	bloco : '{' instrucoes . '}'  (37)
	instrucoes : instrucoes . instrucao  (54)

	tINTEGER  shift 41
	tIDENTIFIER  shift 42
	tSTRING  shift 43
	tDOUBLE  shift 44
	tWHILE  shift 124
	tIF  shift 125
	tSTOP  shift 126
	tNEXT  shift 127
	tRETURN  shift 128
	tSWEEP  shift 129
	tNULL  shift 45
	'~'  shift 46
	'+'  shift 47
	'-'  shift 48
	'['  shift 49
	'('  shift 50
	'{'  shift 95
	'}'  shift 150
	'@'  shift 51
	.  error

	instrucao  goto 151
	iteration  goto 133
	cond  goto 134
	expr  goto 138
	literal  goto 53
	funcall  goto 54
	lval  goto 55
	string  goto 56
	bloco  goto 140


state 137
	bloco : '{' declarationsBlock . '}'  (36)
	bloco : '{' declarationsBlock . instrucoes '}'  (38)
	declarationsBlock : declarationsBlock . variableBlock  (41)

	tINTEGER  shift 41
	tIDENTIFIER  shift 42
	tSTRING  shift 43
	tDOUBLE  shift 44
	tWHILE  shift 124
	tIF  shift 125
	tSTOP  shift 126
	tNEXT  shift 127
	tRETURN  shift 128
	tSWEEP  shift 129
	tNULL  shift 45
	tSTRING_TYPE  shift 4
	tINT_TYPE  shift 5
	tDOUBLE_TYPE  shift 6
	'~'  shift 46
	'+'  shift 47
	'-'  shift 48
	'['  shift 130
	'('  shift 50
	'{'  shift 95
	'}'  shift 152
	'@'  shift 51
	.  error

	instrucao  goto 132
	iteration  goto 133
	cond  goto 134
	variableBlock  goto 153
	instrucoes  goto 154
	expr  goto 138
	literal  goto 53
	funcall  goto 54
	lval  goto 55
	tipo  goto 139
	string  goto 56
	bloco  goto 140


state 138
	instrucao : expr . ';'  (44)
	instrucao : expr . '!'  (45)
	instrucao : expr . tPRINTLN  (46)
	expr : expr . '+' expr  (64)
	expr : expr . '-' expr  (65)
	expr : expr . '*' expr  (66)
	expr : expr . '/' expr  (67)
	expr : expr . '%' expr  (68)
	expr : expr . '<' expr  (69)
	expr : expr . '>' expr  (70)
	expr : expr . tGE expr  (71)
	expr : expr . tLE expr  (73)
	expr : expr . tNE expr  (74)
	expr : expr . tEQ expr  (75)
	expr : expr . '&' expr  (76)
	expr : expr . '|' expr  (77)
	lval : expr . '[' expr ']'  (101)

	tPRINTLN  shift 155
	'|'  shift 73
	'&'  shift 74
	tEQ  shift 75
	tNE  shift 76
	tGE  shift 77
	'>'  shift 78
	'<'  shift 79
	tLE  shift 80
	'+'  shift 81
	'-'  shift 82
	'*'  shift 83
	'/'  shift 84
	'%'  shift 85
	'['  shift 86
	';'  shift 156
	'!'  shift 157
	.  error


state 139
	variableBlock : tipo . tIDENTIFIER '=' expr ';'  (42)
	variableBlock : tipo . tIDENTIFIER ';'  (43)

	tIDENTIFIER  shift 158
	.  error


state 140
	instrucao : bloco .  (47)

	.  reduce 47


state 141
	expressoes : expressoes ',' . expr  (98)

	tINTEGER  shift 41
	tIDENTIFIER  shift 42
	tSTRING  shift 43
	tDOUBLE  shift 44
	tNULL  shift 45
	'~'  shift 46
	'+'  shift 47
	'-'  shift 48
	'['  shift 49
	'('  shift 50
	'@'  shift 51
	.  error

	expr  goto 159
	literal  goto 53
	funcall  goto 54
	lval  goto 55
	string  goto 56


state 142
	funcall : tIDENTIFIER '(' expressoesMais ')' .  (95)

	.  reduce 95


state 143
	lval : expr '[' expr ']' .  (101)

	.  reduce 101


state 144
	function : tipo tIDENTIFIER '(' args ')' '=' literal .  (18)
	function : tipo tIDENTIFIER '(' args ')' '=' literal . body  (19)

	'{'  shift 95
	$end  reduce 18
	tPUBLIC  reduce 18
	tUSE  reduce 18
	tPROCEDURE  reduce 18
	tSTRING_TYPE  reduce 18
	tINT_TYPE  reduce 18
	tDOUBLE_TYPE  reduce 18
	'['  reduce 18

	bloco  goto 96
	body  goto 160


state 145
	function : tPUBLIC tipo tIDENTIFIER '(' args ')' '=' literal . body  (21)

	'{'  shift 95
	.  error

	bloco  goto 96
	body  goto 161


state 146
	iteration : tWHILE '(' . expr ')' instrucao  (85)

	tINTEGER  shift 41
	tIDENTIFIER  shift 42
	tSTRING  shift 43
	tDOUBLE  shift 44
	tNULL  shift 45
	'~'  shift 46
	'+'  shift 47
	'-'  shift 48
	'['  shift 49
	'('  shift 50
	'@'  shift 51
	.  error

	expr  goto 162
	literal  goto 53
	funcall  goto 54
	lval  goto 55
	string  goto 56


state 147
	cond : tIF '(' . expr ')' instrucao  (55)
	cond : tIF '(' . expr ')' instrucao tELSE instrucao  (56)
	cond : tIF '(' . expr ')' instrucao condCont  (57)

	tINTEGER  shift 41
	tIDENTIFIER  shift 42
	tSTRING  shift 43
	tDOUBLE  shift 44
	tNULL  shift 45
	'~'  shift 46
	'+'  shift 47
	'-'  shift 48
	'['  shift 49
	'('  shift 50
	'@'  shift 51
	.  error

	expr  goto 163
	literal  goto 53
	funcall  goto 54
	lval  goto 55
	string  goto 56


state 148
	iteration : tSWEEP '+' . '(' lval ':' expr ':' expr ':' expr ')' instrucao  (86)
	iteration : tSWEEP '+' . '(' lval ':' expr ':' expr ')' instrucao  (87)

	'('  shift 164
	.  error


state 149
	iteration : tSWEEP '-' . '(' lval ':' expr ':' expr ':' expr ')' instrucao  (88)
	iteration : tSWEEP '-' . '(' lval ':' expr ':' expr ')' instrucao  (89)

	'('  shift 165
	.  error


state 150
	bloco : '{' instrucoes '}' .  (37)

	.  reduce 37


state 151
	instrucoes : instrucoes instrucao .  (54)

	.  reduce 54


state 152
	bloco : '{' declarationsBlock '}' .  (36)

	.  reduce 36


state 153
	declarationsBlock : declarationsBlock variableBlock .  (41)

	.  reduce 41


state 154
	bloco : '{' declarationsBlock instrucoes . '}'  (38)
	instrucoes : instrucoes . instrucao  (54)

	tINTEGER  shift 41
	tIDENTIFIER  shift 42
	tSTRING  shift 43
	tDOUBLE  shift 44
	tWHILE  shift 124
	tIF  shift 125
	tSTOP  shift 126
	tNEXT  shift 127
	tRETURN  shift 128
	tSWEEP  shift 129
	tNULL  shift 45
	'~'  shift 46
	'+'  shift 47
	'-'  shift 48
	'['  shift 49
	'('  shift 50
	'{'  shift 95
	'}'  shift 166
	'@'  shift 51
	.  error

	instrucao  goto 151
	iteration  goto 133
	cond  goto 134
	expr  goto 138
	literal  goto 53
	funcall  goto 54
	lval  goto 55
	string  goto 56
	bloco  goto 140


state 155
	instrucao : expr tPRINTLN .  (46)

	.  reduce 46


state 156
	instrucao : expr ';' .  (44)

	.  reduce 44


state 157
	instrucao : expr '!' .  (45)

	.  reduce 45


state 158
	variableBlock : tipo tIDENTIFIER . '=' expr ';'  (42)
	variableBlock : tipo tIDENTIFIER . ';'  (43)

	'='  shift 167
	';'  shift 168
	.  error


state 159
	expr : expr . '+' expr  (64)
	expr : expr . '-' expr  (65)
	expr : expr . '*' expr  (66)
	expr : expr . '/' expr  (67)
	expr : expr . '%' expr  (68)
	expr : expr . '<' expr  (69)
	expr : expr . '>' expr  (70)
	expr : expr . tGE expr  (71)
	expr : expr . tLE expr  (73)
	expr : expr . tNE expr  (74)
	expr : expr . tEQ expr  (75)
	expr : expr . '&' expr  (76)
	expr : expr . '|' expr  (77)
	expressoes : expressoes ',' expr .  (98)
	lval : expr . '[' expr ']'  (101)

	'|'  shift 73
	'&'  shift 74
	tEQ  shift 75
	tNE  shift 76
	tGE  shift 77
	'>'  shift 78
	'<'  shift 79
	tLE  shift 80
	'+'  shift 81
	'-'  shift 82
	'*'  shift 83
	'/'  shift 84
	'%'  shift 85
	'['  shift 86
	')'  reduce 98
	','  reduce 98


state 160
	function : tipo tIDENTIFIER '(' args ')' '=' literal body .  (19)

	.  reduce 19


state 161
	function : tPUBLIC tipo tIDENTIFIER '(' args ')' '=' literal body .  (21)

	.  reduce 21


state 162
	expr : expr . '+' expr  (64)
	expr : expr . '-' expr  (65)
	expr : expr . '*' expr  (66)
	expr : expr . '/' expr  (67)
	expr : expr . '%' expr  (68)
	expr : expr . '<' expr  (69)
	expr : expr . '>' expr  (70)
	expr : expr . tGE expr  (71)
	expr : expr . tLE expr  (73)
	expr : expr . tNE expr  (74)
	expr : expr . tEQ expr  (75)
	expr : expr . '&' expr  (76)
	expr : expr . '|' expr  (77)
	iteration : tWHILE '(' expr . ')' instrucao  (85)
	lval : expr . '[' expr ']'  (101)

	'|'  shift 73
	'&'  shift 74
	tEQ  shift 75
	tNE  shift 76
	tGE  shift 77
	'>'  shift 78
	'<'  shift 79
	tLE  shift 80
	'+'  shift 81
	'-'  shift 82
	'*'  shift 83
	'/'  shift 84
	'%'  shift 85
	'['  shift 86
	')'  shift 169
	.  error


state 163
	cond : tIF '(' expr . ')' instrucao  (55)
	cond : tIF '(' expr . ')' instrucao tELSE instrucao  (56)
	cond : tIF '(' expr . ')' instrucao condCont  (57)
	expr : expr . '+' expr  (64)
	expr : expr . '-' expr  (65)
	expr : expr . '*' expr  (66)
	expr : expr . '/' expr  (67)
	expr : expr . '%' expr  (68)
	expr : expr . '<' expr  (69)
	expr : expr . '>' expr  (70)
	expr : expr . tGE expr  (71)
	expr : expr . tLE expr  (73)
	expr : expr . tNE expr  (74)
	expr : expr . tEQ expr  (75)
	expr : expr . '&' expr  (76)
	expr : expr . '|' expr  (77)
	lval : expr . '[' expr ']'  (101)

	'|'  shift 73
	'&'  shift 74
	tEQ  shift 75
	tNE  shift 76
	tGE  shift 77
	'>'  shift 78
	'<'  shift 79
	tLE  shift 80
	'+'  shift 81
	'-'  shift 82
	'*'  shift 83
	'/'  shift 84
	'%'  shift 85
	'['  shift 86
	')'  shift 170
	.  error


state 164
	iteration : tSWEEP '+' '(' . lval ':' expr ':' expr ':' expr ')' instrucao  (86)
	iteration : tSWEEP '+' '(' . lval ':' expr ':' expr ')' instrucao  (87)

	tINTEGER  shift 41
	tIDENTIFIER  shift 42
	tSTRING  shift 43
	tDOUBLE  shift 44
	tNULL  shift 45
	'~'  shift 46
	'+'  shift 47
	'-'  shift 48
	'['  shift 49
	'('  shift 50
	'@'  shift 51
	.  error

	expr  goto 171
	literal  goto 53
	funcall  goto 54
	lval  goto 172
	string  goto 56


state 165
	iteration : tSWEEP '-' '(' . lval ':' expr ':' expr ':' expr ')' instrucao  (88)
	iteration : tSWEEP '-' '(' . lval ':' expr ':' expr ')' instrucao  (89)

	tINTEGER  shift 41
	tIDENTIFIER  shift 42
	tSTRING  shift 43
	tDOUBLE  shift 44
	tNULL  shift 45
	'~'  shift 46
	'+'  shift 47
	'-'  shift 48
	'['  shift 49
	'('  shift 50
	'@'  shift 51
	.  error

	expr  goto 171
	literal  goto 53
	funcall  goto 54
	lval  goto 173
	string  goto 56


state 166
	bloco : '{' declarationsBlock instrucoes '}' .  (38)

	.  reduce 38


state 167
	variableBlock : tipo tIDENTIFIER '=' . expr ';'  (42)

	tINTEGER  shift 41
	tIDENTIFIER  shift 42
	tSTRING  shift 43
	tDOUBLE  shift 44
	tNULL  shift 45
	'~'  shift 46
	'+'  shift 47
	'-'  shift 48
	'['  shift 49
	'('  shift 50
	'@'  shift 51
	.  error

	expr  goto 174
	literal  goto 53
	funcall  goto 54
	lval  goto 55
	string  goto 56


state 168
	variableBlock : tipo tIDENTIFIER ';' .  (43)

	.  reduce 43


state 169
	iteration : tWHILE '(' expr ')' . instrucao  (85)

	tINTEGER  shift 41
	tIDENTIFIER  shift 42
	tSTRING  shift 43
	tDOUBLE  shift 44
	tWHILE  shift 124
	tIF  shift 125
	tSTOP  shift 126
	tNEXT  shift 127
	tRETURN  shift 128
	tSWEEP  shift 129
	tNULL  shift 45
	'~'  shift 46
	'+'  shift 47
	'-'  shift 48
	'['  shift 49
	'('  shift 50
	'{'  shift 95
	'@'  shift 51
	.  error

	instrucao  goto 175
	iteration  goto 133
	cond  goto 134
	expr  goto 138
	literal  goto 53
	funcall  goto 54
	lval  goto 55
	string  goto 56
	bloco  goto 140


state 170
	cond : tIF '(' expr ')' . instrucao  (55)
	cond : tIF '(' expr ')' . instrucao tELSE instrucao  (56)
	cond : tIF '(' expr ')' . instrucao condCont  (57)

	tINTEGER  shift 41
	tIDENTIFIER  shift 42
	tSTRING  shift 43
	tDOUBLE  shift 44
	tWHILE  shift 124
	tIF  shift 125
	tSTOP  shift 126
	tNEXT  shift 127
	tRETURN  shift 128
	tSWEEP  shift 129
	tNULL  shift 45
	'~'  shift 46
	'+'  shift 47
	'-'  shift 48
	'['  shift 49
	'('  shift 50
	'{'  shift 95
	'@'  shift 51
	.  error

	instrucao  goto 176
	iteration  goto 133
	cond  goto 134
	expr  goto 138
	literal  goto 53
	funcall  goto 54
	lval  goto 55
	string  goto 56
	bloco  goto 140


state 171
	expr : expr . '+' expr  (64)
	expr : expr . '-' expr  (65)
	expr : expr . '*' expr  (66)
	expr : expr . '/' expr  (67)
	expr : expr . '%' expr  (68)
	expr : expr . '<' expr  (69)
	expr : expr . '>' expr  (70)
	expr : expr . tGE expr  (71)
	expr : expr . tLE expr  (73)
	expr : expr . tNE expr  (74)
	expr : expr . tEQ expr  (75)
	expr : expr . '&' expr  (76)
	expr : expr . '|' expr  (77)
	lval : expr . '[' expr ']'  (101)

	'|'  shift 73
	'&'  shift 74
	tEQ  shift 75
	tNE  shift 76
	tGE  shift 77
	'>'  shift 78
	'<'  shift 79
	tLE  shift 80
	'+'  shift 81
	'-'  shift 82
	'*'  shift 83
	'/'  shift 84
	'%'  shift 85
	'['  shift 86
	.  error


state 172
	expr : lval .  (79)
	expr : lval . '?'  (82)
	expr : lval . '=' expr  (84)
	iteration : tSWEEP '+' '(' lval . ':' expr ':' expr ':' expr ')' instrucao  (86)
	iteration : tSWEEP '+' '(' lval . ':' expr ':' expr ')' instrucao  (87)

	'='  shift 87
	'?'  shift 88
	':'  shift 177
	'|'  reduce 79
	'&'  reduce 79
	tEQ  reduce 79
	tNE  reduce 79
	tGE  reduce 79
	'>'  reduce 79
	'<'  reduce 79
	tLE  reduce 79
	'+'  reduce 79
	'-'  reduce 79
	'*'  reduce 79
	'/'  reduce 79
	'%'  reduce 79
	'['  reduce 79


state 173
	expr : lval .  (79)
	expr : lval . '?'  (82)
	expr : lval . '=' expr  (84)
	iteration : tSWEEP '-' '(' lval . ':' expr ':' expr ':' expr ')' instrucao  (88)
	iteration : tSWEEP '-' '(' lval . ':' expr ':' expr ')' instrucao  (89)

	'='  shift 87
	'?'  shift 88
	':'  shift 178
	'|'  reduce 79
	'&'  reduce 79
	tEQ  reduce 79
	tNE  reduce 79
	tGE  reduce 79
	'>'  reduce 79
	'<'  reduce 79
	tLE  reduce 79
	'+'  reduce 79
	'-'  reduce 79
	'*'  reduce 79
	'/'  reduce 79
	'%'  reduce 79
	'['  reduce 79


state 174
	variableBlock : tipo tIDENTIFIER '=' expr . ';'  (42)
	expr : expr . '+' expr  (64)
	expr : expr . '-' expr  (65)
	expr : expr . '*' expr  (66)
	expr : expr . '/' expr  (67)
	expr : expr . '%' expr  (68)
	expr : expr . '<' expr  (69)
	expr : expr . '>' expr  (70)
	expr : expr . tGE expr  (71)
	expr : expr . tLE expr  (73)
	expr : expr . tNE expr  (74)
	expr : expr . tEQ expr  (75)
	expr : expr . '&' expr  (76)
	expr : expr . '|' expr  (77)
	lval : expr . '[' expr ']'  (101)

	'|'  shift 73
	'&'  shift 74
	tEQ  shift 75
	tNE  shift 76
	tGE  shift 77
	'>'  shift 78
	'<'  shift 79
	tLE  shift 80
	'+'  shift 81
	'-'  shift 82
	'*'  shift 83
	'/'  shift 84
	'%'  shift 85
	'['  shift 86
	';'  shift 179
	.  error


state 175
	iteration : tWHILE '(' expr ')' instrucao .  (85)

	.  reduce 85


state 176
	cond : tIF '(' expr ')' instrucao .  (55)
	cond : tIF '(' expr ')' instrucao . tELSE instrucao  (56)
	cond : tIF '(' expr ')' instrucao . condCont  (57)

	tELSE  shift 180
	tELSEIF  shift 181
	tINTEGER  reduce 55
	tIDENTIFIER  reduce 55
	tSTRING  reduce 55
	tDOUBLE  reduce 55
	tWHILE  reduce 55
	tIF  reduce 55
	tSTOP  reduce 55
	tNEXT  reduce 55
	tRETURN  reduce 55
	tSWEEP  reduce 55
	tNULL  reduce 55
	'~'  reduce 55
	'+'  reduce 55
	'-'  reduce 55
	'['  reduce 55
	'('  reduce 55
	'{'  reduce 55
	'}'  reduce 55
	'@'  reduce 55

	condCont  goto 182


state 177
	iteration : tSWEEP '+' '(' lval ':' . expr ':' expr ':' expr ')' instrucao  (86)
	iteration : tSWEEP '+' '(' lval ':' . expr ':' expr ')' instrucao  (87)

	tINTEGER  shift 41
	tIDENTIFIER  shift 42
	tSTRING  shift 43
	tDOUBLE  shift 44
	tNULL  shift 45
	'~'  shift 46
	'+'  shift 47
	'-'  shift 48
	'['  shift 49
	'('  shift 50
	'@'  shift 51
	.  error

	expr  goto 183
	literal  goto 53
	funcall  goto 54
	lval  goto 55
	string  goto 56


state 178
	iteration : tSWEEP '-' '(' lval ':' . expr ':' expr ':' expr ')' instrucao  (88)
	iteration : tSWEEP '-' '(' lval ':' . expr ':' expr ')' instrucao  (89)

	tINTEGER  shift 41
	tIDENTIFIER  shift 42
	tSTRING  shift 43
	tDOUBLE  shift 44
	tNULL  shift 45
	'~'  shift 46
	'+'  shift 47
	'-'  shift 48
	'['  shift 49
	'('  shift 50
	'@'  shift 51
	.  error

	expr  goto 184
	literal  goto 53
	funcall  goto 54
	lval  goto 55
	string  goto 56


state 179
	variableBlock : tipo tIDENTIFIER '=' expr ';' .  (42)

	.  reduce 42


state 180
	cond : tIF '(' expr ')' instrucao tELSE . instrucao  (56)

	tINTEGER  shift 41
	tIDENTIFIER  shift 42
	tSTRING  shift 43
	tDOUBLE  shift 44
	tWHILE  shift 124
	tIF  shift 125
	tSTOP  shift 126
	tNEXT  shift 127
	tRETURN  shift 128
	tSWEEP  shift 129
	tNULL  shift 45
	'~'  shift 46
	'+'  shift 47
	'-'  shift 48
	'['  shift 49
	'('  shift 50
	'{'  shift 95
	'@'  shift 51
	.  error

	instrucao  goto 185
	iteration  goto 133
	cond  goto 134
	expr  goto 138
	literal  goto 53
	funcall  goto 54
	lval  goto 55
	string  goto 56
	bloco  goto 140


state 181
	condCont : tELSEIF . '(' expr ')' instrucao  (58)
	condCont : tELSEIF . '(' expr ')' instrucao tELSE instrucao  (59)
	condCont : tELSEIF . '(' expr ')' instrucao condCont  (60)

	'('  shift 186
	.  error


state 182
	cond : tIF '(' expr ')' instrucao condCont .  (57)

	.  reduce 57


state 183
	expr : expr . '+' expr  (64)
	expr : expr . '-' expr  (65)
	expr : expr . '*' expr  (66)
	expr : expr . '/' expr  (67)
	expr : expr . '%' expr  (68)
	expr : expr . '<' expr  (69)
	expr : expr . '>' expr  (70)
	expr : expr . tGE expr  (71)
	expr : expr . tLE expr  (73)
	expr : expr . tNE expr  (74)
	expr : expr . tEQ expr  (75)
	expr : expr . '&' expr  (76)
	expr : expr . '|' expr  (77)
	iteration : tSWEEP '+' '(' lval ':' expr . ':' expr ':' expr ')' instrucao  (86)
	iteration : tSWEEP '+' '(' lval ':' expr . ':' expr ')' instrucao  (87)
	lval : expr . '[' expr ']'  (101)

	'|'  shift 73
	'&'  shift 74
	tEQ  shift 75
	tNE  shift 76
	tGE  shift 77
	'>'  shift 78
	'<'  shift 79
	tLE  shift 80
	'+'  shift 81
	'-'  shift 82
	'*'  shift 83
	'/'  shift 84
	'%'  shift 85
	'['  shift 86
	':'  shift 187
	.  error


state 184
	expr : expr . '+' expr  (64)
	expr : expr . '-' expr  (65)
	expr : expr . '*' expr  (66)
	expr : expr . '/' expr  (67)
	expr : expr . '%' expr  (68)
	expr : expr . '<' expr  (69)
	expr : expr . '>' expr  (70)
	expr : expr . tGE expr  (71)
	expr : expr . tLE expr  (73)
	expr : expr . tNE expr  (74)
	expr : expr . tEQ expr  (75)
	expr : expr . '&' expr  (76)
	expr : expr . '|' expr  (77)
	iteration : tSWEEP '-' '(' lval ':' expr . ':' expr ':' expr ')' instrucao  (88)
	iteration : tSWEEP '-' '(' lval ':' expr . ':' expr ')' instrucao  (89)
	lval : expr . '[' expr ']'  (101)

	'|'  shift 73
	'&'  shift 74
	tEQ  shift 75
	tNE  shift 76
	tGE  shift 77
	'>'  shift 78
	'<'  shift 79
	tLE  shift 80
	'+'  shift 81
	'-'  shift 82
	'*'  shift 83
	'/'  shift 84
	'%'  shift 85
	'['  shift 86
	':'  shift 188
	.  error


state 185
	cond : tIF '(' expr ')' instrucao tELSE instrucao .  (56)

	.  reduce 56


state 186
	condCont : tELSEIF '(' . expr ')' instrucao  (58)
	condCont : tELSEIF '(' . expr ')' instrucao tELSE instrucao  (59)
	condCont : tELSEIF '(' . expr ')' instrucao condCont  (60)

	tINTEGER  shift 41
	tIDENTIFIER  shift 42
	tSTRING  shift 43
	tDOUBLE  shift 44
	tNULL  shift 45
	'~'  shift 46
	'+'  shift 47
	'-'  shift 48
	'['  shift 49
	'('  shift 50
	'@'  shift 51
	.  error

	expr  goto 189
	literal  goto 53
	funcall  goto 54
	lval  goto 55
	string  goto 56


state 187
	iteration : tSWEEP '+' '(' lval ':' expr ':' . expr ':' expr ')' instrucao  (86)
	iteration : tSWEEP '+' '(' lval ':' expr ':' . expr ')' instrucao  (87)

	tINTEGER  shift 41
	tIDENTIFIER  shift 42
	tSTRING  shift 43
	tDOUBLE  shift 44
	tNULL  shift 45
	'~'  shift 46
	'+'  shift 47
	'-'  shift 48
	'['  shift 49
	'('  shift 50
	'@'  shift 51
	.  error

	expr  goto 190
	literal  goto 53
	funcall  goto 54
	lval  goto 55
	string  goto 56


state 188
	iteration : tSWEEP '-' '(' lval ':' expr ':' . expr ':' expr ')' instrucao  (88)
	iteration : tSWEEP '-' '(' lval ':' expr ':' . expr ')' instrucao  (89)

	tINTEGER  shift 41
	tIDENTIFIER  shift 42
	tSTRING  shift 43
	tDOUBLE  shift 44
	tNULL  shift 45
	'~'  shift 46
	'+'  shift 47
	'-'  shift 48
	'['  shift 49
	'('  shift 50
	'@'  shift 51
	.  error

	expr  goto 191
	literal  goto 53
	funcall  goto 54
	lval  goto 55
	string  goto 56


state 189
	condCont : tELSEIF '(' expr . ')' instrucao  (58)
	condCont : tELSEIF '(' expr . ')' instrucao tELSE instrucao  (59)
	condCont : tELSEIF '(' expr . ')' instrucao condCont  (60)
	expr : expr . '+' expr  (64)
	expr : expr . '-' expr  (65)
	expr : expr . '*' expr  (66)
	expr : expr . '/' expr  (67)
	expr : expr . '%' expr  (68)
	expr : expr . '<' expr  (69)
	expr : expr . '>' expr  (70)
	expr : expr . tGE expr  (71)
	expr : expr . tLE expr  (73)
	expr : expr . tNE expr  (74)
	expr : expr . tEQ expr  (75)
	expr : expr . '&' expr  (76)
	expr : expr . '|' expr  (77)
	lval : expr . '[' expr ']'  (101)

	'|'  shift 73
	'&'  shift 74
	tEQ  shift 75
	tNE  shift 76
	tGE  shift 77
	'>'  shift 78
	'<'  shift 79
	tLE  shift 80
	'+'  shift 81
	'-'  shift 82
	'*'  shift 83
	'/'  shift 84
	'%'  shift 85
	'['  shift 86
	')'  shift 192
	.  error


state 190
	expr : expr . '+' expr  (64)
	expr : expr . '-' expr  (65)
	expr : expr . '*' expr  (66)
	expr : expr . '/' expr  (67)
	expr : expr . '%' expr  (68)
	expr : expr . '<' expr  (69)
	expr : expr . '>' expr  (70)
	expr : expr . tGE expr  (71)
	expr : expr . tLE expr  (73)
	expr : expr . tNE expr  (74)
	expr : expr . tEQ expr  (75)
	expr : expr . '&' expr  (76)
	expr : expr . '|' expr  (77)
	iteration : tSWEEP '+' '(' lval ':' expr ':' expr . ':' expr ')' instrucao  (86)
	iteration : tSWEEP '+' '(' lval ':' expr ':' expr . ')' instrucao  (87)
	lval : expr . '[' expr ']'  (101)

	'|'  shift 73
	'&'  shift 74
	tEQ  shift 75
	tNE  shift 76
	tGE  shift 77
	'>'  shift 78
	'<'  shift 79
	tLE  shift 80
	'+'  shift 81
	'-'  shift 82
	'*'  shift 83
	'/'  shift 84
	'%'  shift 85
	'['  shift 86
	')'  shift 193
	':'  shift 194
	.  error


state 191
	expr : expr . '+' expr  (64)
	expr : expr . '-' expr  (65)
	expr : expr . '*' expr  (66)
	expr : expr . '/' expr  (67)
	expr : expr . '%' expr  (68)
	expr : expr . '<' expr  (69)
	expr : expr . '>' expr  (70)
	expr : expr . tGE expr  (71)
	expr : expr . tLE expr  (73)
	expr : expr . tNE expr  (74)
	expr : expr . tEQ expr  (75)
	expr : expr . '&' expr  (76)
	expr : expr . '|' expr  (77)
	iteration : tSWEEP '-' '(' lval ':' expr ':' expr . ':' expr ')' instrucao  (88)
	iteration : tSWEEP '-' '(' lval ':' expr ':' expr . ')' instrucao  (89)
	lval : expr . '[' expr ']'  (101)

	'|'  shift 73
	'&'  shift 74
	tEQ  shift 75
	tNE  shift 76
	tGE  shift 77
	'>'  shift 78
	'<'  shift 79
	tLE  shift 80
	'+'  shift 81
	'-'  shift 82
	'*'  shift 83
	'/'  shift 84
	'%'  shift 85
	'['  shift 86
	')'  shift 195
	':'  shift 196
	.  error


state 192
	condCont : tELSEIF '(' expr ')' . instrucao  (58)
	condCont : tELSEIF '(' expr ')' . instrucao tELSE instrucao  (59)
	condCont : tELSEIF '(' expr ')' . instrucao condCont  (60)

	tINTEGER  shift 41
	tIDENTIFIER  shift 42
	tSTRING  shift 43
	tDOUBLE  shift 44
	tWHILE  shift 124
	tIF  shift 125
	tSTOP  shift 126
	tNEXT  shift 127
	tRETURN  shift 128
	tSWEEP  shift 129
	tNULL  shift 45
	'~'  shift 46
	'+'  shift 47
	'-'  shift 48
	'['  shift 49
	'('  shift 50
	'{'  shift 95
	'@'  shift 51
	.  error

	instrucao  goto 197
	iteration  goto 133
	cond  goto 134
	expr  goto 138
	literal  goto 53
	funcall  goto 54
	lval  goto 55
	string  goto 56
	bloco  goto 140


state 193
	iteration : tSWEEP '+' '(' lval ':' expr ':' expr ')' . instrucao  (87)

	tINTEGER  shift 41
	tIDENTIFIER  shift 42
	tSTRING  shift 43
	tDOUBLE  shift 44
	tWHILE  shift 124
	tIF  shift 125
	tSTOP  shift 126
	tNEXT  shift 127
	tRETURN  shift 128
	tSWEEP  shift 129
	tNULL  shift 45
	'~'  shift 46
	'+'  shift 47
	'-'  shift 48
	'['  shift 49
	'('  shift 50
	'{'  shift 95
	'@'  shift 51
	.  error

	instrucao  goto 198
	iteration  goto 133
	cond  goto 134
	expr  goto 138
	literal  goto 53
	funcall  goto 54
	lval  goto 55
	string  goto 56
	bloco  goto 140


state 194
	iteration : tSWEEP '+' '(' lval ':' expr ':' expr ':' . expr ')' instrucao  (86)

	tINTEGER  shift 41
	tIDENTIFIER  shift 42
	tSTRING  shift 43
	tDOUBLE  shift 44
	tNULL  shift 45
	'~'  shift 46
	'+'  shift 47
	'-'  shift 48
	'['  shift 49
	'('  shift 50
	'@'  shift 51
	.  error

	expr  goto 199
	literal  goto 53
	funcall  goto 54
	lval  goto 55
	string  goto 56


state 195
	iteration : tSWEEP '-' '(' lval ':' expr ':' expr ')' . instrucao  (89)

	tINTEGER  shift 41
	tIDENTIFIER  shift 42
	tSTRING  shift 43
	tDOUBLE  shift 44
	tWHILE  shift 124
	tIF  shift 125
	tSTOP  shift 126
	tNEXT  shift 127
	tRETURN  shift 128
	tSWEEP  shift 129
	tNULL  shift 45
	'~'  shift 46
	'+'  shift 47
	'-'  shift 48
	'['  shift 49
	'('  shift 50
	'{'  shift 95
	'@'  shift 51
	.  error

	instrucao  goto 200
	iteration  goto 133
	cond  goto 134
	expr  goto 138
	literal  goto 53
	funcall  goto 54
	lval  goto 55
	string  goto 56
	bloco  goto 140


state 196
	iteration : tSWEEP '-' '(' lval ':' expr ':' expr ':' . expr ')' instrucao  (88)

	tINTEGER  shift 41
	tIDENTIFIER  shift 42
	tSTRING  shift 43
	tDOUBLE  shift 44
	tNULL  shift 45
	'~'  shift 46
	'+'  shift 47
	'-'  shift 48
	'['  shift 49
	'('  shift 50
	'@'  shift 51
	.  error

	expr  goto 201
	literal  goto 53
	funcall  goto 54
	lval  goto 55
	string  goto 56


state 197
	condCont : tELSEIF '(' expr ')' instrucao .  (58)
	condCont : tELSEIF '(' expr ')' instrucao . tELSE instrucao  (59)
	condCont : tELSEIF '(' expr ')' instrucao . condCont  (60)

	tELSE  shift 202
	tELSEIF  shift 181
	tINTEGER  reduce 58
	tIDENTIFIER  reduce 58
	tSTRING  reduce 58
	tDOUBLE  reduce 58
	tWHILE  reduce 58
	tIF  reduce 58
	tSTOP  reduce 58
	tNEXT  reduce 58
	tRETURN  reduce 58
	tSWEEP  reduce 58
	tNULL  reduce 58
	'~'  reduce 58
	'+'  reduce 58
	'-'  reduce 58
	'['  reduce 58
	'('  reduce 58
	'{'  reduce 58
	'}'  reduce 58
	'@'  reduce 58

	condCont  goto 203


state 198
	iteration : tSWEEP '+' '(' lval ':' expr ':' expr ')' instrucao .  (87)

	.  reduce 87


state 199
	expr : expr . '+' expr  (64)
	expr : expr . '-' expr  (65)
	expr : expr . '*' expr  (66)
	expr : expr . '/' expr  (67)
	expr : expr . '%' expr  (68)
	expr : expr . '<' expr  (69)
	expr : expr . '>' expr  (70)
	expr : expr . tGE expr  (71)
	expr : expr . tLE expr  (73)
	expr : expr . tNE expr  (74)
	expr : expr . tEQ expr  (75)
	expr : expr . '&' expr  (76)
	expr : expr . '|' expr  (77)
	iteration : tSWEEP '+' '(' lval ':' expr ':' expr ':' expr . ')' instrucao  (86)
	lval : expr . '[' expr ']'  (101)

	'|'  shift 73
	'&'  shift 74
	tEQ  shift 75
	tNE  shift 76
	tGE  shift 77
	'>'  shift 78
	'<'  shift 79
	tLE  shift 80
	'+'  shift 81
	'-'  shift 82
	'*'  shift 83
	'/'  shift 84
	'%'  shift 85
	'['  shift 86
	')'  shift 204
	.  error


state 200
	iteration : tSWEEP '-' '(' lval ':' expr ':' expr ')' instrucao .  (89)

	.  reduce 89


state 201
	expr : expr . '+' expr  (64)
	expr : expr . '-' expr  (65)
	expr : expr . '*' expr  (66)
	expr : expr . '/' expr  (67)
	expr : expr . '%' expr  (68)
	expr : expr . '<' expr  (69)
	expr : expr . '>' expr  (70)
	expr : expr . tGE expr  (71)
	expr : expr . tLE expr  (73)
	expr : expr . tNE expr  (74)
	expr : expr . tEQ expr  (75)
	expr : expr . '&' expr  (76)
	expr : expr . '|' expr  (77)
	iteration : tSWEEP '-' '(' lval ':' expr ':' expr ':' expr . ')' instrucao  (88)
	lval : expr . '[' expr ']'  (101)

	'|'  shift 73
	'&'  shift 74
	tEQ  shift 75
	tNE  shift 76
	tGE  shift 77
	'>'  shift 78
	'<'  shift 79
	tLE  shift 80
	'+'  shift 81
	'-'  shift 82
	'*'  shift 83
	'/'  shift 84
	'%'  shift 85
	'['  shift 86
	')'  shift 205
	.  error


state 202
	condCont : tELSEIF '(' expr ')' instrucao tELSE . instrucao  (59)

	tINTEGER  shift 41
	tIDENTIFIER  shift 42
	tSTRING  shift 43
	tDOUBLE  shift 44
	tWHILE  shift 124
	tIF  shift 125
	tSTOP  shift 126
	tNEXT  shift 127
	tRETURN  shift 128
	tSWEEP  shift 129
	tNULL  shift 45
	'~'  shift 46
	'+'  shift 47
	'-'  shift 48
	'['  shift 49
	'('  shift 50
	'{'  shift 95
	'@'  shift 51
	.  error

	instrucao  goto 206
	iteration  goto 133
	cond  goto 134
	expr  goto 138
	literal  goto 53
	funcall  goto 54
	lval  goto 55
	string  goto 56
	bloco  goto 140


state 203
	condCont : tELSEIF '(' expr ')' instrucao condCont .  (60)

	.  reduce 60


state 204
	iteration : tSWEEP '+' '(' lval ':' expr ':' expr ':' expr ')' . instrucao  (86)

	tINTEGER  shift 41
	tIDENTIFIER  shift 42
	tSTRING  shift 43
	tDOUBLE  shift 44
	tWHILE  shift 124
	tIF  shift 125
	tSTOP  shift 126
	tNEXT  shift 127
	tRETURN  shift 128
	tSWEEP  shift 129
	tNULL  shift 45
	'~'  shift 46
	'+'  shift 47
	'-'  shift 48
	'['  shift 49
	'('  shift 50
	'{'  shift 95
	'@'  shift 51
	.  error

	instrucao  goto 207
	iteration  goto 133
	cond  goto 134
	expr  goto 138
	literal  goto 53
	funcall  goto 54
	lval  goto 55
	string  goto 56
	bloco  goto 140


state 205
	iteration : tSWEEP '-' '(' lval ':' expr ':' expr ':' expr ')' . instrucao  (88)

	tINTEGER  shift 41
	tIDENTIFIER  shift 42
	tSTRING  shift 43
	tDOUBLE  shift 44
	tWHILE  shift 124
	tIF  shift 125
	tSTOP  shift 126
	tNEXT  shift 127
	tRETURN  shift 128
	tSWEEP  shift 129
	tNULL  shift 45
	'~'  shift 46
	'+'  shift 47
	'-'  shift 48
	'['  shift 49
	'('  shift 50
	'{'  shift 95
	'@'  shift 51
	.  error

	instrucao  goto 208
	iteration  goto 133
	cond  goto 134
	expr  goto 138
	literal  goto 53
	funcall  goto 54
	lval  goto 55
	string  goto 56
	bloco  goto 140


state 206
	condCont : tELSEIF '(' expr ')' instrucao tELSE instrucao .  (59)

	.  reduce 59


state 207
	iteration : tSWEEP '+' '(' lval ':' expr ':' expr ':' expr ')' instrucao .  (86)

	.  reduce 86


state 208
	iteration : tSWEEP '-' '(' lval ':' expr ':' expr ':' expr ')' instrucao .  (88)

	.  reduce 88


51 terminals, 26 nonterminals
102 grammar rules, 209 states
